#
# There is insufficient memory for the Java Runtime Environment to continue.
# Native memory allocation (malloc) failed to allocate 1048576 bytes for AllocateHeap
# Possible reasons:
#   The system is out of physical RAM or swap space
#   The process is running with CompressedOops enabled, and the Java Heap may be blocking the growth of the native heap
# Possible solutions:
#   Reduce memory load on the system
#   Increase physical memory or swap space
#   Check if swap backing store is full
#   Decrease Java heap size (-Xmx/-Xms)
#   Decrease number of Java threads
#   Decrease Java thread stack sizes (-Xss)
#   Set larger code cache with -XX:ReservedCodeCacheSize=
#   JVM is running with Unscaled Compressed Oops mode in which the Java heap is
#     placed in the first 4GB address space. The Java Heap base address is the
#     maximum limit for the native heap growth. Please use -XX:HeapBaseMinAddress
#     to set the Java Heap base and to place the Java Heap above 4GB virtual address.
# This output file may be truncated or incomplete.
#
#  Out of Memory Error (allocation.cpp:44), pid=19044, tid=13808
#
# JRE version: OpenJDK Runtime Environment Temurin-17.0.7+7 (17.0.7+7) (build 17.0.7+7)
# Java VM: OpenJDK 64-Bit Server VM Temurin-17.0.7+7 (17.0.7+7, mixed mode, emulated-client, tiered, compressed oops, compressed class ptrs, g1 gc, windows-amd64)
# No core dump will be written. Minidumps are not enabled by default on client versions of Windows
#

---------------  S U M M A R Y ------------

Command Line: -XX:+HeapDumpOnOutOfMemoryError -Xmx1024m -Dsts.lsp.client=vscode -Dsts.log.file=/dev/null -XX:TieredStopAtLevel=1 -Xlog:jni+resolve=off -Dspring.config.location=file:c:\Users\kpidi\.vscode\extensions\vmware.vscode-spring-boot-1.47.0\language-server\BOOT-INF\classes\application.properties org.springframework.ide.vscode.boot.app.BootLanguageServerBootApp

Host: 11th Gen Intel(R) Core(TM) i3-1115G4 @ 3.00GHz, 4 cores, 7G,  Windows 11 , 64 bit Build 22621 (10.0.22621.1778)
Time: Mon Jun 19 17:28:47 2023 Greenwich Standard Time elapsed time: 18898.597775 seconds (0d 5h 14m 58s)

---------------  T H R E A D  ---------------

Current thread (0x0000015f79ed9220):  VMThread "VM Thread" [stack: 0x0000004a7c500000,0x0000004a7c600000] [id=13808]

Stack: [0x0000004a7c500000,0x0000004a7c600000]
Native frames: (J=compiled Java code, j=interpreted, Vv=VM code, C=native code)
V  [jvm.dll+0x67754a]
V  [jvm.dll+0x834304]
V  [jvm.dll+0x835aae]
V  [jvm.dll+0x836113]
V  [jvm.dll+0x24696f]
V  [jvm.dll+0xa681f]
V  [jvm.dll+0x2f73f3]
V  [jvm.dll+0x2f30f0]
V  [jvm.dll+0x2db6c7]
V  [jvm.dll+0x31e777]
V  [jvm.dll+0x83a5bb]
V  [jvm.dll+0x83b2f4]
V  [jvm.dll+0x83b80c]
V  [jvm.dll+0x83bbe4]
V  [jvm.dll+0x83bcb0]
V  [jvm.dll+0x7e4e7a]
V  [jvm.dll+0x676395]
C  [ucrtbase.dll+0x29363]
C  [KERNEL32.DLL+0x126ad]
C  [ntdll.dll+0x5a9f8]

VM_Operation (0x0000004a7d8feae0): G1CollectFull, mode: safepoint, requested by thread 0x0000015f7f7b46e0


---------------  P R O C E S S  ---------------

Threads class SMR info:
_java_thread_list=0x0000015f04411b40, length=24, elements={
0x0000015f79eef3a0, 0x0000015f79ef5e80, 0x0000015f79f1ea30, 0x0000015f79f1f3f0,
0x0000015f79f1fcb0, 0x0000015f79f20570, 0x0000015f79f22ef0, 0x0000015f79f27810,
0x0000015f7e30a410, 0x0000015f7e3154f0, 0x0000015f7f70ac50, 0x0000015f7f70b120,
0x0000015f7f7b46e0, 0x0000015f7f99c020, 0x0000015f6d98d4a0, 0x0000015f7f86e150,
0x0000015f7fa40a80, 0x0000015f7fa66ad0, 0x0000015f7fa63f80, 0x0000015f7eab1ee0,
0x0000015f7eab53d0, 0x0000015f7eab4560, 0x0000015f7eab4f00, 0x0000015f7eaae9f0
}

Java Threads: ( => current thread )
  0x0000015f79eef3a0 JavaThread "Reference Handler" daemon [_thread_blocked, id=11992, stack(0x0000004a7c600000,0x0000004a7c700000)]
  0x0000015f79ef5e80 JavaThread "Finalizer" daemon [_thread_blocked, id=11204, stack(0x0000004a7c700000,0x0000004a7c800000)]
  0x0000015f79f1ea30 JavaThread "Signal Dispatcher" daemon [_thread_blocked, id=26224, stack(0x0000004a7c800000,0x0000004a7c900000)]
  0x0000015f79f1f3f0 JavaThread "Attach Listener" daemon [_thread_blocked, id=3504, stack(0x0000004a7c900000,0x0000004a7ca00000)]
  0x0000015f79f1fcb0 JavaThread "Service Thread" daemon [_thread_blocked, id=25848, stack(0x0000004a7ca00000,0x0000004a7cb00000)]
  0x0000015f79f20570 JavaThread "Monitor Deflation Thread" daemon [_thread_blocked, id=780, stack(0x0000004a7cb00000,0x0000004a7cc00000)]
  0x0000015f79f22ef0 JavaThread "C1 CompilerThread0" daemon [_thread_blocked, id=25180, stack(0x0000004a7cc00000,0x0000004a7cd00000)]
  0x0000015f79f27810 JavaThread "Sweeper thread" daemon [_thread_blocked, id=1684, stack(0x0000004a7cd00000,0x0000004a7ce00000)]
  0x0000015f7e30a410 JavaThread "Notification Thread" daemon [_thread_blocked, id=1572, stack(0x0000004a7cf00000,0x0000004a7d000000)]
  0x0000015f7e3154f0 JavaThread "Common-Cleaner" daemon [_thread_blocked, id=8532, stack(0x0000004a7d100000,0x0000004a7d200000)]
  0x0000015f7f70ac50 JavaThread "boundedElastic-evictor-1" daemon [_thread_blocked, id=21072, stack(0x0000004a7d600000,0x0000004a7d700000)]
  0x0000015f7f70b120 JavaThread "boundedElastic-evictor-2" daemon [_thread_blocked, id=4272, stack(0x0000004a7d700000,0x0000004a7d800000)]
  0x0000015f7f7b46e0 JavaThread "pool-10-thread-1" [_thread_blocked, id=22216, stack(0x0000004a7d800000,0x0000004a7d900000)]
  0x0000015f7f99c020 JavaThread "LanguageServerApp-lifecycle" [_thread_blocked, id=16404, stack(0x0000004a7d900000,0x0000004a7da00000)]
  0x0000015f6d98d4a0 JavaThread "DestroyJavaVM" [_thread_blocked, id=25712, stack(0x0000004a7bf00000,0x0000004a7c000000)]
  0x0000015f7f86e150 JavaThread "pool-11-thread-1" [_thread_in_native, id=22408, stack(0x0000004a7da00000,0x0000004a7db00000)]
  0x0000015f7fa40a80 JavaThread "Simple-Language-Server main thread" daemon [_thread_blocked, id=15124, stack(0x0000004a7db00000,0x0000004a7dc00000)]
  0x0000015f7fa66ad0 JavaThread "pool-6-thread-1" [_thread_blocked, id=26388, stack(0x0000004a7df00000,0x0000004a7e000000)]
  0x0000015f7fa63f80 JavaThread "parallel-1" daemon [_thread_blocked, id=7584, stack(0x0000004a7e900000,0x0000004a7ea00000)]
  0x0000015f7eab1ee0 JavaThread "pool-4-thread-1" [_thread_blocked, id=2036, stack(0x0000004a7eb00000,0x0000004a7ec00000)]
  0x0000015f7eab53d0 JavaThread "parallel-2" daemon [_thread_blocked, id=12984, stack(0x0000004a7ec00000,0x0000004a7ed00000)]
  0x0000015f7eab4560 JavaThread "parallel-3" daemon [_thread_blocked, id=24360, stack(0x0000004a7e100000,0x0000004a7e200000)]
  0x0000015f7eab4f00 JavaThread "parallel-4" daemon [_thread_blocked, id=23116, stack(0x0000004a7e200000,0x0000004a7e300000)]
  0x0000015f7eaae9f0 JavaThread "Reconciler-1" daemon [_thread_blocked, id=9160, stack(0x0000004a7e300000,0x0000004a7e400000)]

Other Threads:
=>0x0000015f79ed9220 VMThread "VM Thread" [stack: 0x0000004a7c500000,0x0000004a7c600000] [id=13808]
  0x0000015f7e30a8e0 WatcherThread [stack: 0x0000004a7d000000,0x0000004a7d100000] [id=18304]
  0x0000015f6da15af0 GCTaskThread "GC Thread#0" [stack: 0x0000004a7c000000,0x0000004a7c100000] [id=18120]
  0x0000015f7e1e3170 GCTaskThread "GC Thread#1" [stack: 0x0000004a7ce00000,0x0000004a7cf00000] [id=9036]
  0x0000015f7e1e3420 GCTaskThread "GC Thread#2" [stack: 0x0000004a7d200000,0x0000004a7d300000] [id=17788]
  0x0000015f7ef492a0 GCTaskThread "GC Thread#3" [stack: 0x0000004a7d500000,0x0000004a7d600000] [id=1996]
  0x0000015f6da1e940 ConcurrentGCThread "G1 Main Marker" [stack: 0x0000004a7c100000,0x0000004a7c200000] [id=7300]
  0x0000015f6da1f260 ConcurrentGCThread "G1 Conc#0" [stack: 0x0000004a7c200000,0x0000004a7c300000] [id=22756]
  0x0000015f6da84360 ConcurrentGCThread "G1 Refine#0" [stack: 0x0000004a7c300000,0x0000004a7c400000] [id=23392]
  0x0000015f7fd6be50 ConcurrentGCThread "G1 Refine#1" [stack: 0x0000004a7ef00000,0x0000004a7f000000] [id=3516]
  0x0000015f7fd53f00 ConcurrentGCThread "G1 Refine#2" [stack: 0x0000004a7e800000,0x0000004a7e900000] [id=22800]
  0x0000015f00e10620 ConcurrentGCThread "G1 Refine#3" [stack: 0x0000004a7d400000,0x0000004a7d500000] [id=18772]
  0x0000015f79d50090 ConcurrentGCThread "G1 Service" [stack: 0x0000004a7c400000,0x0000004a7c500000] [id=23464]

Threads with active compile tasks:

VM state: at safepoint (normal execution)

VM Mutex/Monitor currently owned by a thread:  ([mutex/lock_event])
[0x0000015f6d98bf00] Threads_lock - owner thread: 0x0000015f79ed9220
[0x0000015f6d98b570] Heap_lock - owner thread: 0x0000015f7f7b46e0

Heap address: 0x00000000c0000000, size: 1024 MB, Compressed Oops mode: 32-bit

CDS archive(s) not mapped
Compressed class space mapped at: 0x0000000100000000-0x0000000140000000, reserved size: 1073741824
Narrow klass base: 0x0000000000000000, Narrow klass shift: 3, Narrow klass range: 0x140000000

GC Precious Log:
 CPUs: 4 total, 4 available
 Memory: 7975M
 Large Page Support: Disabled
 NUMA Support: Disabled
 Compressed Oops: Enabled (32-bit)
 Heap Region Size: 1M
 Heap Min Capacity: 8M
 Heap Initial Capacity: 126M
 Heap Max Capacity: 1G
 Pre-touch: Disabled
 Parallel Workers: 4
 Concurrent Workers: 1
 Concurrent Refinement Workers: 4
 Periodic GC: Disabled

Heap:
 garbage-first heap   total 280576K, used 82975K [0x00000000c0000000, 0x0000000100000000)
  region size 1024K, 1 young (1024K), 0 survivors (0K)
 Metaspace       used 74151K, committed 74752K, reserved 1114112K
  class space    used 10110K, committed 10368K, reserved 1048576K

Heap Regions: E=young(eden), S=young(survivor), O=old, HS=humongous(starts), HC=humongous(continues), CS=collection set, F=free, OA=open archive, CA=closed archive, TAMS=top-at-mark-start (previous, next)
|   0|0x00000000c0000000, 0x00000000c0100000, 0x00000000c0100000|100%|HS|  |TAMS 0x00000000c0100000, 0x00000000c0000000| Untracked 
|   1|0x00000000c0100000, 0x00000000c01fffc8, 0x00000000c0200000| 99%| O|  |TAMS 0x00000000c01fffc8, 0x00000000c0100000| Untracked 
|   2|0x00000000c0200000, 0x00000000c0300000, 0x00000000c0300000|100%| O|  |TAMS 0x00000000c0300000, 0x00000000c0200000| Untracked 
|   3|0x00000000c0300000, 0x00000000c0400000, 0x00000000c0400000|100%| O|  |TAMS 0x00000000c0400000, 0x00000000c0300000| Untracked 
|   4|0x00000000c0400000, 0x00000000c04fffe8, 0x00000000c0500000| 99%| O|  |TAMS 0x00000000c04fffe8, 0x00000000c0400000| Untracked 
|   5|0x00000000c0500000, 0x00000000c0600000, 0x00000000c0600000|100%| O|  |TAMS 0x00000000c0600000, 0x00000000c0500000| Untracked 
|   6|0x00000000c0600000, 0x00000000c0700000, 0x00000000c0700000|100%| O|  |TAMS 0x00000000c0700000, 0x00000000c0600000| Untracked 
|   7|0x00000000c0700000, 0x00000000c0800000, 0x00000000c0800000|100%| O|  |TAMS 0x00000000c0800000, 0x00000000c0700000| Untracked 
|   8|0x00000000c0800000, 0x00000000c08fdb70, 0x00000000c0900000| 99%| O|  |TAMS 0x00000000c08fdb70, 0x00000000c0800000| Untracked 
|   9|0x00000000c0900000, 0x00000000c09fff68, 0x00000000c0a00000| 99%| O|  |TAMS 0x00000000c09fff68, 0x00000000c0900000| Untracked 
|  10|0x00000000c0a00000, 0x00000000c0affff8, 0x00000000c0b00000| 99%| O|  |TAMS 0x00000000c0affff8, 0x00000000c0a00000| Untracked 
|  11|0x00000000c0b00000, 0x00000000c0bffff0, 0x00000000c0c00000| 99%| O|  |TAMS 0x00000000c0bffff0, 0x00000000c0b00000| Untracked 
|  12|0x00000000c0c00000, 0x00000000c0cf5910, 0x00000000c0d00000| 95%| O|  |TAMS 0x00000000c0cf5910, 0x00000000c0c00000| Untracked 
|  13|0x00000000c0d00000, 0x00000000c0dfffc8, 0x00000000c0e00000| 99%| O|  |TAMS 0x00000000c0dfffc8, 0x00000000c0d00000| Untracked 
|  14|0x00000000c0e00000, 0x00000000c0effff8, 0x00000000c0f00000| 99%| O|  |TAMS 0x00000000c0effff8, 0x00000000c0e00000| Untracked 
|  15|0x00000000c0f00000, 0x00000000c0ffffd0, 0x00000000c1000000| 99%| O|  |TAMS 0x00000000c0ffffd0, 0x00000000c0f00000| Untracked 
|  16|0x00000000c1000000, 0x00000000c1100000, 0x00000000c1100000|100%| O|  |TAMS 0x00000000c1100000, 0x00000000c1000000| Untracked 
|  17|0x00000000c1100000, 0x00000000c1200000, 0x00000000c1200000|100%| O|  |TAMS 0x00000000c1200000, 0x00000000c1100000| Untracked 
|  18|0x00000000c1200000, 0x00000000c12fffb8, 0x00000000c1300000| 99%| O|  |TAMS 0x00000000c12fffb8, 0x00000000c1200000| Untracked 
|  19|0x00000000c1300000, 0x00000000c13fffe8, 0x00000000c1400000| 99%| O|  |TAMS 0x00000000c13fffe8, 0x00000000c1300000| Untracked 
|  20|0x00000000c1400000, 0x00000000c14ffff8, 0x00000000c1500000| 99%| O|  |TAMS 0x00000000c14ffff8, 0x00000000c1400000| Untracked 
|  21|0x00000000c1500000, 0x00000000c15fffa8, 0x00000000c1600000| 99%| O|  |TAMS 0x00000000c15fffa8, 0x00000000c1500000| Untracked 
|  22|0x00000000c1600000, 0x00000000c16fffc0, 0x00000000c1700000| 99%| O|  |TAMS 0x00000000c16fffc0, 0x00000000c1600000| Untracked 
|  23|0x00000000c1700000, 0x00000000c17fffd8, 0x00000000c1800000| 99%| O|  |TAMS 0x00000000c17fffd8, 0x00000000c1700000| Untracked 
|  24|0x00000000c1800000, 0x00000000c18fffe0, 0x00000000c1900000| 99%| O|  |TAMS 0x00000000c18fffe0, 0x00000000c1800000| Untracked 
|  25|0x00000000c1900000, 0x00000000c19fffd8, 0x00000000c1a00000| 99%| O|  |TAMS 0x00000000c19fffd8, 0x00000000c1900000| Untracked 
|  26|0x00000000c1a00000, 0x00000000c1afffc0, 0x00000000c1b00000| 99%| O|  |TAMS 0x00000000c1afffc0, 0x00000000c1a00000| Untracked 
|  27|0x00000000c1b00000, 0x00000000c1bffff8, 0x00000000c1c00000| 99%| O|  |TAMS 0x00000000c1bffff8, 0x00000000c1b00000| Untracked 
|  28|0x00000000c1c00000, 0x00000000c1cffff8, 0x00000000c1d00000| 99%| O|  |TAMS 0x00000000c1cffff8, 0x00000000c1c00000| Untracked 
|  29|0x00000000c1d00000, 0x00000000c1e00000, 0x00000000c1e00000|100%| O|  |TAMS 0x00000000c1e00000, 0x00000000c1d00000| Untracked 
|  30|0x00000000c1e00000, 0x00000000c1efffa8, 0x00000000c1f00000| 99%| O|  |TAMS 0x00000000c1efffa8, 0x00000000c1e00000| Untracked 
|  31|0x00000000c1f00000, 0x00000000c2000000, 0x00000000c2000000|100%| O|  |TAMS 0x00000000c2000000, 0x00000000c1f00000| Untracked 
|  32|0x00000000c2000000, 0x00000000c20fffe8, 0x00000000c2100000| 99%| O|  |TAMS 0x00000000c20fffe8, 0x00000000c2000000| Untracked 
|  33|0x00000000c2100000, 0x00000000c21ffff8, 0x00000000c2200000| 99%| O|  |TAMS 0x00000000c21ffff8, 0x00000000c2100000| Untracked 
|  34|0x00000000c2200000, 0x00000000c2300000, 0x00000000c2300000|100%|HS|  |TAMS 0x00000000c2300000, 0x00000000c2200000| Untracked 
|  35|0x00000000c2300000, 0x00000000c2400000, 0x00000000c2400000|100%|HC|  |TAMS 0x00000000c2400000, 0x00000000c2300000| Untracked 
|  36|0x00000000c2400000, 0x00000000c24ffff8, 0x00000000c2500000| 99%| O|  |TAMS 0x00000000c24ffff8, 0x00000000c2400000| Untracked 
|  37|0x00000000c2500000, 0x00000000c25ffff0, 0x00000000c2600000| 99%| O|  |TAMS 0x00000000c25ffff0, 0x00000000c2500000| Untracked 
|  38|0x00000000c2600000, 0x00000000c26ffff0, 0x00000000c2700000| 99%| O|  |TAMS 0x00000000c26ffff0, 0x00000000c2600000| Untracked 
|  39|0x00000000c2700000, 0x00000000c27fef90, 0x00000000c2800000| 99%| O|  |TAMS 0x00000000c27fef90, 0x00000000c2700000| Untracked 
|  40|0x00000000c2800000, 0x00000000c28ffff0, 0x00000000c2900000| 99%| O|  |TAMS 0x00000000c28ffff0, 0x00000000c2800000| Untracked 
|  41|0x00000000c2900000, 0x00000000c29ffff0, 0x00000000c2a00000| 99%| O|  |TAMS 0x00000000c29ffff0, 0x00000000c2900000| Untracked 
|  42|0x00000000c2a00000, 0x00000000c2afffe8, 0x00000000c2b00000| 99%| O|  |TAMS 0x00000000c2afffe8, 0x00000000c2a00000| Untracked 
|  43|0x00000000c2b00000, 0x00000000c2bffff8, 0x00000000c2c00000| 99%| O|  |TAMS 0x00000000c2bffff8, 0x00000000c2b00000| Untracked 
|  44|0x00000000c2c00000, 0x00000000c2cffff0, 0x00000000c2d00000| 99%| O|  |TAMS 0x00000000c2cffff0, 0x00000000c2c00000| Untracked 
|  45|0x00000000c2d00000, 0x00000000c2dffff0, 0x00000000c2e00000| 99%| O|  |TAMS 0x00000000c2dffff0, 0x00000000c2d00000| Untracked 
|  46|0x00000000c2e00000, 0x00000000c2efffb8, 0x00000000c2f00000| 99%| O|  |TAMS 0x00000000c2efffb8, 0x00000000c2e00000| Untracked 
|  47|0x00000000c2f00000, 0x00000000c2ffffe0, 0x00000000c3000000| 99%| O|  |TAMS 0x00000000c2ffffe0, 0x00000000c2f00000| Untracked 
|  48|0x00000000c3000000, 0x00000000c30fffe8, 0x00000000c3100000| 99%| O|  |TAMS 0x00000000c30fffe8, 0x00000000c3000000| Untracked 
|  49|0x00000000c3100000, 0x00000000c31fe260, 0x00000000c3200000| 99%| O|  |TAMS 0x00000000c31fe260, 0x00000000c3100000| Untracked 
|  50|0x00000000c3200000, 0x00000000c32fffe0, 0x00000000c3300000| 99%| O|  |TAMS 0x00000000c32fffe0, 0x00000000c3200000| Untracked 
|  51|0x00000000c3300000, 0x00000000c33fffc8, 0x00000000c3400000| 99%| O|  |TAMS 0x00000000c33fffc8, 0x00000000c3300000| Untracked 
|  52|0x00000000c3400000, 0x00000000c34fffe0, 0x00000000c3500000| 99%| O|  |TAMS 0x00000000c34fffe0, 0x00000000c3400000| Untracked 
|  53|0x00000000c3500000, 0x00000000c35fffc0, 0x00000000c3600000| 99%| O|  |TAMS 0x00000000c35fffc0, 0x00000000c3500000| Untracked 
|  54|0x00000000c3600000, 0x00000000c36fffe0, 0x00000000c3700000| 99%| O|  |TAMS 0x00000000c36fffe0, 0x00000000c3600000| Untracked 
|  55|0x00000000c3700000, 0x00000000c37ffff0, 0x00000000c3800000| 99%| O|  |TAMS 0x00000000c37ffff0, 0x00000000c3700000| Untracked 
|  56|0x00000000c3800000, 0x00000000c38fffe8, 0x00000000c3900000| 99%| O|  |TAMS 0x00000000c38fffe8, 0x00000000c3800000| Untracked 
|  57|0x00000000c3900000, 0x00000000c39fd0d0, 0x00000000c3a00000| 98%| O|  |TAMS 0x00000000c39fd0d0, 0x00000000c3900000| Untracked 
|  58|0x00000000c3a00000, 0x00000000c3afffe8, 0x00000000c3b00000| 99%| O|  |TAMS 0x00000000c3afffe8, 0x00000000c3a00000| Untracked 
|  59|0x00000000c3b00000, 0x00000000c3bffff0, 0x00000000c3c00000| 99%| O|  |TAMS 0x00000000c3bffff0, 0x00000000c3b00000| Untracked 
|  60|0x00000000c3c00000, 0x00000000c3cfffd0, 0x00000000c3d00000| 99%| O|  |TAMS 0x00000000c3cfffd0, 0x00000000c3c00000| Untracked 
|  61|0x00000000c3d00000, 0x00000000c3dfffb0, 0x00000000c3e00000| 99%| O|  |TAMS 0x00000000c3dfffb0, 0x00000000c3d00000| Untracked 
|  62|0x00000000c3e00000, 0x00000000c3efe758, 0x00000000c3f00000| 99%| O|  |TAMS 0x00000000c3efe758, 0x00000000c3e00000| Untracked 
|  63|0x00000000c3f00000, 0x00000000c3fff4e0, 0x00000000c4000000| 99%| O|  |TAMS 0x00000000c3fff4e0, 0x00000000c3f00000| Untracked 
|  64|0x00000000c4000000, 0x00000000c40ffff8, 0x00000000c4100000| 99%| O|  |TAMS 0x00000000c40ffff8, 0x00000000c4000000| Untracked 
|  65|0x00000000c4100000, 0x00000000c41fffd8, 0x00000000c4200000| 99%| O|  |TAMS 0x00000000c41fffd8, 0x00000000c4100000| Untracked 
|  66|0x00000000c4200000, 0x00000000c42ffff8, 0x00000000c4300000| 99%| O|  |TAMS 0x00000000c42ffff8, 0x00000000c4200000| Untracked 
|  67|0x00000000c4300000, 0x00000000c43ffff8, 0x00000000c4400000| 99%| O|  |TAMS 0x00000000c43ffff8, 0x00000000c4300000| Untracked 
|  68|0x00000000c4400000, 0x00000000c44ffff0, 0x00000000c4500000| 99%| O|  |TAMS 0x00000000c44ffff0, 0x00000000c4400000| Untracked 
|  69|0x00000000c4500000, 0x00000000c45f33a0, 0x00000000c4600000| 95%| O|  |TAMS 0x00000000c45f33a0, 0x00000000c4500000| Untracked 
|  70|0x00000000c4600000, 0x00000000c4700000, 0x00000000c4700000|100%| O|  |TAMS 0x00000000c4700000, 0x00000000c4600000| Untracked 
|  71|0x00000000c4700000, 0x00000000c4800000, 0x00000000c4800000|100%|HS|  |TAMS 0x00000000c4800000, 0x00000000c4700000| Untracked 
|  72|0x00000000c4800000, 0x00000000c48fffe8, 0x00000000c4900000| 99%| O|  |TAMS 0x00000000c48fffe8, 0x00000000c4800000| Untracked 
|  73|0x00000000c4900000, 0x00000000c49e1318, 0x00000000c4a00000| 87%| O|  |TAMS 0x00000000c4900000, 0x00000000c4900000| Untracked 
|  74|0x00000000c4a00000, 0x00000000c4affff0, 0x00000000c4b00000| 99%| O|  |TAMS 0x00000000c4affff0, 0x00000000c4a00000| Untracked 
|  75|0x00000000c4b00000, 0x00000000c4b488b8, 0x00000000c4c00000| 28%| O|  |TAMS 0x00000000c4b00000, 0x00000000c4b00000| Untracked 
|  76|0x00000000c4c00000, 0x00000000c4c00000, 0x00000000c4d00000|  0%| F|  |TAMS 0x00000000c4c00000, 0x00000000c4c00000| Untracked 
|  77|0x00000000c4d00000, 0x00000000c4dffff0, 0x00000000c4e00000| 99%| O|  |TAMS 0x00000000c4dffff0, 0x00000000c4d00000| Untracked 
|  78|0x00000000c4e00000, 0x00000000c4e00000, 0x00000000c4f00000|  0%| F|  |TAMS 0x00000000c4e00000, 0x00000000c4e00000| Untracked 
|  79|0x00000000c4f00000, 0x00000000c4f00000, 0x00000000c5000000|  0%| F|  |TAMS 0x00000000c4f00000, 0x00000000c4f00000| Untracked 
|  80|0x00000000c5000000, 0x00000000c5100000, 0x00000000c5100000|100%| O|  |TAMS 0x00000000c5100000, 0x00000000c5000000| Untracked 
|  81|0x00000000c5100000, 0x00000000c5100000, 0x00000000c5200000|  0%| F|  |TAMS 0x00000000c5100000, 0x00000000c5100000| Untracked 
|  82|0x00000000c5200000, 0x00000000c5200000, 0x00000000c5300000|  0%| F|  |TAMS 0x00000000c5200000, 0x00000000c5200000| Untracked 
|  83|0x00000000c5300000, 0x00000000c5300000, 0x00000000c5400000|  0%| F|  |TAMS 0x00000000c5300000, 0x00000000c5300000| Untracked 
|  84|0x00000000c5400000, 0x00000000c5400000, 0x00000000c5500000|  0%| F|  |TAMS 0x00000000c5400000, 0x00000000c5400000| Untracked 
|  85|0x00000000c5500000, 0x00000000c5500000, 0x00000000c5600000|  0%| F|  |TAMS 0x00000000c5500000, 0x00000000c5500000| Untracked 
|  86|0x00000000c5600000, 0x00000000c5600000, 0x00000000c5700000|  0%| F|  |TAMS 0x00000000c5600000, 0x00000000c5600000| Untracked 
|  87|0x00000000c5700000, 0x00000000c5700000, 0x00000000c5800000|  0%| F|  |TAMS 0x00000000c5700000, 0x00000000c5700000| Untracked 
|  88|0x00000000c5800000, 0x00000000c5800000, 0x00000000c5900000|  0%| F|  |TAMS 0x00000000c5800000, 0x00000000c5800000| Untracked 
|  89|0x00000000c5900000, 0x00000000c5900000, 0x00000000c5a00000|  0%| F|  |TAMS 0x00000000c5900000, 0x00000000c5900000| Untracked 
|  90|0x00000000c5a00000, 0x00000000c5a00000, 0x00000000c5b00000|  0%| F|  |TAMS 0x00000000c5a00000, 0x00000000c5a00000| Untracked 
|  91|0x00000000c5b00000, 0x00000000c5b00000, 0x00000000c5c00000|  0%| F|  |TAMS 0x00000000c5b00000, 0x00000000c5b00000| Untracked 
|  92|0x00000000c5c00000, 0x00000000c5c00000, 0x00000000c5d00000|  0%| F|  |TAMS 0x00000000c5c00000, 0x00000000c5c00000| Untracked 
|  93|0x00000000c5d00000, 0x00000000c5d00000, 0x00000000c5e00000|  0%| F|  |TAMS 0x00000000c5d00000, 0x00000000c5d00000| Untracked 
|  94|0x00000000c5e00000, 0x00000000c5e00000, 0x00000000c5f00000|  0%| F|  |TAMS 0x00000000c5e00000, 0x00000000c5e00000| Untracked 
|  95|0x00000000c5f00000, 0x00000000c5f00000, 0x00000000c6000000|  0%| F|  |TAMS 0x00000000c5f00000, 0x00000000c5f00000| Untracked 
|  96|0x00000000c6000000, 0x00000000c6100000, 0x00000000c6100000|100%| O|  |TAMS 0x00000000c6100000, 0x00000000c6000000| Untracked 
|  97|0x00000000c6100000, 0x00000000c6100000, 0x00000000c6200000|  0%| F|  |TAMS 0x00000000c6100000, 0x00000000c6100000| Untracked 
|  98|0x00000000c6200000, 0x00000000c6200000, 0x00000000c6300000|  0%| F|  |TAMS 0x00000000c6200000, 0x00000000c6200000| Untracked 
|  99|0x00000000c6300000, 0x00000000c6300000, 0x00000000c6400000|  0%| F|  |TAMS 0x00000000c6300000, 0x00000000c6300000| Untracked 
| 100|0x00000000c6400000, 0x00000000c6400000, 0x00000000c6500000|  0%| F|  |TAMS 0x00000000c6400000, 0x00000000c6400000| Untracked 
| 101|0x00000000c6500000, 0x00000000c6500000, 0x00000000c6600000|  0%| F|  |TAMS 0x00000000c6500000, 0x00000000c6500000| Untracked 
| 102|0x00000000c6600000, 0x00000000c6600000, 0x00000000c6700000|  0%| F|  |TAMS 0x00000000c6600000, 0x00000000c6600000| Untracked 
| 103|0x00000000c6700000, 0x00000000c6700000, 0x00000000c6800000|  0%| F|  |TAMS 0x00000000c6700000, 0x00000000c6700000| Untracked 
| 104|0x00000000c6800000, 0x00000000c6800000, 0x00000000c6900000|  0%| F|  |TAMS 0x00000000c6800000, 0x00000000c6800000| Untracked 
| 105|0x00000000c6900000, 0x00000000c6900000, 0x00000000c6a00000|  0%| F|  |TAMS 0x00000000c6900000, 0x00000000c6900000| Untracked 
| 106|0x00000000c6a00000, 0x00000000c6a00000, 0x00000000c6b00000|  0%| F|  |TAMS 0x00000000c6a00000, 0x00000000c6a00000| Untracked 
| 107|0x00000000c6b00000, 0x00000000c6b00000, 0x00000000c6c00000|  0%| F|  |TAMS 0x00000000c6b00000, 0x00000000c6b00000| Untracked 
| 108|0x00000000c6c00000, 0x00000000c6c00000, 0x00000000c6d00000|  0%| F|  |TAMS 0x00000000c6c00000, 0x00000000c6c00000| Untracked 
| 109|0x00000000c6d00000, 0x00000000c6d00000, 0x00000000c6e00000|  0%| F|  |TAMS 0x00000000c6d00000, 0x00000000c6d00000| Untracked 
| 110|0x00000000c6e00000, 0x00000000c6e00000, 0x00000000c6f00000|  0%| F|  |TAMS 0x00000000c6e00000, 0x00000000c6e00000| Untracked 
| 111|0x00000000c6f00000, 0x00000000c6f00000, 0x00000000c7000000|  0%| F|  |TAMS 0x00000000c6f00000, 0x00000000c6f00000| Untracked 
| 112|0x00000000c7000000, 0x00000000c7000000, 0x00000000c7100000|  0%| F|  |TAMS 0x00000000c7000000, 0x00000000c7000000| Untracked 
| 113|0x00000000c7100000, 0x00000000c7100000, 0x00000000c7200000|  0%| F|  |TAMS 0x00000000c7100000, 0x00000000c7100000| Untracked 
| 114|0x00000000c7200000, 0x00000000c7200000, 0x00000000c7300000|  0%| F|  |TAMS 0x00000000c7200000, 0x00000000c7200000| Untracked 
| 115|0x00000000c7300000, 0x00000000c7300000, 0x00000000c7400000|  0%| F|  |TAMS 0x00000000c7300000, 0x00000000c7300000| Untracked 
| 116|0x00000000c7400000, 0x00000000c7400000, 0x00000000c7500000|  0%| F|  |TAMS 0x00000000c7400000, 0x00000000c7400000| Untracked 
| 117|0x00000000c7500000, 0x00000000c7500000, 0x00000000c7600000|  0%| F|  |TAMS 0x00000000c7500000, 0x00000000c7500000| Untracked 
| 118|0x00000000c7600000, 0x00000000c7600000, 0x00000000c7700000|  0%| F|  |TAMS 0x00000000c7600000, 0x00000000c7600000| Untracked 
| 119|0x00000000c7700000, 0x00000000c7700000, 0x00000000c7800000|  0%| F|  |TAMS 0x00000000c7700000, 0x00000000c7700000| Untracked 
| 120|0x00000000c7800000, 0x00000000c7800000, 0x00000000c7900000|  0%| F|  |TAMS 0x00000000c7800000, 0x00000000c7800000| Untracked 
| 121|0x00000000c7900000, 0x00000000c7900000, 0x00000000c7a00000|  0%| F|  |TAMS 0x00000000c7900000, 0x00000000c7900000| Untracked 
| 122|0x00000000c7a00000, 0x00000000c7a00000, 0x00000000c7b00000|  0%| F|  |TAMS 0x00000000c7a00000, 0x00000000c7a00000| Untracked 
| 123|0x00000000c7b00000, 0x00000000c7b00000, 0x00000000c7c00000|  0%| F|  |TAMS 0x00000000c7b00000, 0x00000000c7b00000| Untracked 
| 124|0x00000000c7c00000, 0x00000000c7c00000, 0x00000000c7d00000|  0%| F|  |TAMS 0x00000000c7c00000, 0x00000000c7c00000| Untracked 
| 125|0x00000000c7d00000, 0x00000000c7d00000, 0x00000000c7e00000|  0%| F|  |TAMS 0x00000000c7d00000, 0x00000000c7d00000| Untracked 
| 126|0x00000000c7e00000, 0x00000000c7e00000, 0x00000000c7f00000|  0%| F|  |TAMS 0x00000000c7e00000, 0x00000000c7e00000| Untracked 
| 127|0x00000000c7f00000, 0x00000000c7f00000, 0x00000000c8000000|  0%| F|  |TAMS 0x00000000c7f00000, 0x00000000c7f00000| Untracked 
| 128|0x00000000c8000000, 0x00000000c8000000, 0x00000000c8100000|  0%| F|  |TAMS 0x00000000c8000000, 0x00000000c8000000| Untracked 
| 129|0x00000000c8100000, 0x00000000c8100000, 0x00000000c8200000|  0%| F|  |TAMS 0x00000000c8100000, 0x00000000c8100000| Untracked 
| 130|0x00000000c8200000, 0x00000000c8200000, 0x00000000c8300000|  0%| F|  |TAMS 0x00000000c8200000, 0x00000000c8200000| Untracked 
| 131|0x00000000c8300000, 0x00000000c8300000, 0x00000000c8400000|  0%| F|  |TAMS 0x00000000c8300000, 0x00000000c8300000| Untracked 
| 132|0x00000000c8400000, 0x00000000c8400000, 0x00000000c8500000|  0%| F|  |TAMS 0x00000000c8400000, 0x00000000c8400000| Untracked 
| 133|0x00000000c8500000, 0x00000000c8500000, 0x00000000c8600000|  0%| F|  |TAMS 0x00000000c8500000, 0x00000000c8500000| Untracked 
| 134|0x00000000c8600000, 0x00000000c8600000, 0x00000000c8700000|  0%| F|  |TAMS 0x00000000c8600000, 0x00000000c8600000| Untracked 
| 135|0x00000000c8700000, 0x00000000c8700000, 0x00000000c8800000|  0%| F|  |TAMS 0x00000000c8700000, 0x00000000c8700000| Untracked 
| 136|0x00000000c8800000, 0x00000000c8900000, 0x00000000c8900000|100%| O|  |TAMS 0x00000000c8900000, 0x00000000c8800000| Untracked 
| 137|0x00000000c8900000, 0x00000000c8900000, 0x00000000c8a00000|  0%| F|  |TAMS 0x00000000c8900000, 0x00000000c8900000| Untracked 
| 138|0x00000000c8a00000, 0x00000000c8a00000, 0x00000000c8b00000|  0%| F|  |TAMS 0x00000000c8a00000, 0x00000000c8a00000| Untracked 
| 139|0x00000000c8b00000, 0x00000000c8b00000, 0x00000000c8c00000|  0%| F|  |TAMS 0x00000000c8b00000, 0x00000000c8b00000| Untracked 
| 140|0x00000000c8c00000, 0x00000000c8c00000, 0x00000000c8d00000|  0%| F|  |TAMS 0x00000000c8c00000, 0x00000000c8c00000| Untracked 
| 141|0x00000000c8d00000, 0x00000000c8d00000, 0x00000000c8e00000|  0%| F|  |TAMS 0x00000000c8d00000, 0x00000000c8d00000| Untracked 
| 142|0x00000000c8e00000, 0x00000000c8e00000, 0x00000000c8f00000|  0%| F|  |TAMS 0x00000000c8e00000, 0x00000000c8e00000| Untracked 
| 143|0x00000000c8f00000, 0x00000000c8f00000, 0x00000000c9000000|  0%| F|  |TAMS 0x00000000c8f00000, 0x00000000c8f00000| Untracked 
| 144|0x00000000c9000000, 0x00000000c9000000, 0x00000000c9100000|  0%| F|  |TAMS 0x00000000c9000000, 0x00000000c9000000| Untracked 
| 145|0x00000000c9100000, 0x00000000c9100000, 0x00000000c9200000|  0%| F|  |TAMS 0x00000000c9100000, 0x00000000c9100000| Untracked 
| 146|0x00000000c9200000, 0x00000000c9200000, 0x00000000c9300000|  0%| F|  |TAMS 0x00000000c9200000, 0x00000000c9200000| Untracked 
| 147|0x00000000c9300000, 0x00000000c9300000, 0x00000000c9400000|  0%| F|  |TAMS 0x00000000c9300000, 0x00000000c9300000| Untracked 
| 148|0x00000000c9400000, 0x00000000c9400000, 0x00000000c9500000|  0%| F|  |TAMS 0x00000000c9400000, 0x00000000c9400000| Untracked 
| 149|0x00000000c9500000, 0x00000000c9600000, 0x00000000c9600000|100%| O|  |TAMS 0x00000000c9600000, 0x00000000c9500000| Untracked 
| 150|0x00000000c9600000, 0x00000000c9600000, 0x00000000c9700000|  0%| F|  |TAMS 0x00000000c9600000, 0x00000000c9600000| Untracked 
| 151|0x00000000c9700000, 0x00000000c9700000, 0x00000000c9800000|  0%| F|  |TAMS 0x00000000c9700000, 0x00000000c9700000| Untracked 
| 152|0x00000000c9800000, 0x00000000c9800000, 0x00000000c9900000|  0%| F|  |TAMS 0x00000000c9800000, 0x00000000c9800000| Untracked 
| 153|0x00000000c9900000, 0x00000000c9900000, 0x00000000c9a00000|  0%| F|  |TAMS 0x00000000c9900000, 0x00000000c9900000| Untracked 
| 154|0x00000000c9a00000, 0x00000000c9a00000, 0x00000000c9b00000|  0%| F|  |TAMS 0x00000000c9a00000, 0x00000000c9a00000| Untracked 
| 155|0x00000000c9b00000, 0x00000000c9b00000, 0x00000000c9c00000|  0%| F|  |TAMS 0x00000000c9b00000, 0x00000000c9b00000| Untracked 
| 156|0x00000000c9c00000, 0x00000000c9c00000, 0x00000000c9d00000|  0%| F|  |TAMS 0x00000000c9c00000, 0x00000000c9c00000| Untracked 
| 157|0x00000000c9d00000, 0x00000000c9d00000, 0x00000000c9e00000|  0%| F|  |TAMS 0x00000000c9d00000, 0x00000000c9d00000| Untracked 
| 158|0x00000000c9e00000, 0x00000000c9e00000, 0x00000000c9f00000|  0%| F|  |TAMS 0x00000000c9e00000, 0x00000000c9e00000| Untracked 
| 159|0x00000000c9f00000, 0x00000000ca000000, 0x00000000ca000000|100%|HS|  |TAMS 0x00000000ca000000, 0x00000000c9f00000| Untracked 
| 160|0x00000000ca000000, 0x00000000ca000000, 0x00000000ca100000|  0%| F|  |TAMS 0x00000000ca000000, 0x00000000ca000000| Untracked 
| 161|0x00000000ca100000, 0x00000000ca100000, 0x00000000ca200000|  0%| F|  |TAMS 0x00000000ca100000, 0x00000000ca100000| Untracked 
| 162|0x00000000ca200000, 0x00000000ca200000, 0x00000000ca300000|  0%| F|  |TAMS 0x00000000ca200000, 0x00000000ca200000| Untracked 
| 163|0x00000000ca300000, 0x00000000ca300000, 0x00000000ca400000|  0%| F|  |TAMS 0x00000000ca300000, 0x00000000ca300000| Untracked 
| 164|0x00000000ca400000, 0x00000000ca400000, 0x00000000ca500000|  0%| F|  |TAMS 0x00000000ca400000, 0x00000000ca400000| Untracked 
| 165|0x00000000ca500000, 0x00000000ca500000, 0x00000000ca600000|  0%| F|  |TAMS 0x00000000ca500000, 0x00000000ca500000| Untracked 
| 166|0x00000000ca600000, 0x00000000ca600000, 0x00000000ca700000|  0%| F|  |TAMS 0x00000000ca600000, 0x00000000ca600000| Untracked 
| 167|0x00000000ca700000, 0x00000000ca700000, 0x00000000ca800000|  0%| F|  |TAMS 0x00000000ca700000, 0x00000000ca700000| Untracked 
| 168|0x00000000ca800000, 0x00000000ca800000, 0x00000000ca900000|  0%| F|  |TAMS 0x00000000ca800000, 0x00000000ca800000| Untracked 
| 169|0x00000000ca900000, 0x00000000ca900000, 0x00000000caa00000|  0%| F|  |TAMS 0x00000000ca900000, 0x00000000ca900000| Untracked 
| 170|0x00000000caa00000, 0x00000000caa00000, 0x00000000cab00000|  0%| F|  |TAMS 0x00000000caa00000, 0x00000000caa00000| Untracked 
| 171|0x00000000cab00000, 0x00000000cab00000, 0x00000000cac00000|  0%| F|  |TAMS 0x00000000cab00000, 0x00000000cab00000| Untracked 
| 172|0x00000000cac00000, 0x00000000cac00000, 0x00000000cad00000|  0%| F|  |TAMS 0x00000000cac00000, 0x00000000cac00000| Untracked 
| 173|0x00000000cad00000, 0x00000000cad00000, 0x00000000cae00000|  0%| F|  |TAMS 0x00000000cad00000, 0x00000000cad00000| Untracked 
| 174|0x00000000cae00000, 0x00000000cae00000, 0x00000000caf00000|  0%| F|  |TAMS 0x00000000cae00000, 0x00000000cae00000| Untracked 
| 175|0x00000000caf00000, 0x00000000caf00000, 0x00000000cb000000|  0%| F|  |TAMS 0x00000000caf00000, 0x00000000caf00000| Untracked 
| 176|0x00000000cb000000, 0x00000000cb000000, 0x00000000cb100000|  0%| F|  |TAMS 0x00000000cb000000, 0x00000000cb000000| Untracked 
| 177|0x00000000cb100000, 0x00000000cb100000, 0x00000000cb200000|  0%| F|  |TAMS 0x00000000cb100000, 0x00000000cb100000| Untracked 
| 178|0x00000000cb200000, 0x00000000cb200000, 0x00000000cb300000|  0%| F|  |TAMS 0x00000000cb200000, 0x00000000cb200000| Untracked 
| 179|0x00000000cb300000, 0x00000000cb300000, 0x00000000cb400000|  0%| F|  |TAMS 0x00000000cb300000, 0x00000000cb300000| Untracked 
| 180|0x00000000cb400000, 0x00000000cb400000, 0x00000000cb500000|  0%| F|  |TAMS 0x00000000cb400000, 0x00000000cb400000| Untracked 
| 181|0x00000000cb500000, 0x00000000cb500000, 0x00000000cb600000|  0%| F|  |TAMS 0x00000000cb500000, 0x00000000cb500000| Untracked 
| 182|0x00000000cb600000, 0x00000000cb600000, 0x00000000cb700000|  0%| F|  |TAMS 0x00000000cb600000, 0x00000000cb600000| Untracked 
| 183|0x00000000cb700000, 0x00000000cb700000, 0x00000000cb800000|  0%| F|  |TAMS 0x00000000cb700000, 0x00000000cb700000| Untracked 
| 184|0x00000000cb800000, 0x00000000cb800000, 0x00000000cb900000|  0%| F|  |TAMS 0x00000000cb800000, 0x00000000cb800000| Untracked 
| 185|0x00000000cb900000, 0x00000000cb900000, 0x00000000cba00000|  0%| F|  |TAMS 0x00000000cb900000, 0x00000000cb900000| Untracked 
| 186|0x00000000cba00000, 0x00000000cba00000, 0x00000000cbb00000|  0%| F|  |TAMS 0x00000000cba00000, 0x00000000cba00000| Untracked 
| 187|0x00000000cbb00000, 0x00000000cbb00000, 0x00000000cbc00000|  0%| F|  |TAMS 0x00000000cbb00000, 0x00000000cbb00000| Untracked 
| 188|0x00000000cbc00000, 0x00000000cbc00000, 0x00000000cbd00000|  0%| F|  |TAMS 0x00000000cbc00000, 0x00000000cbc00000| Untracked 
| 189|0x00000000cbd00000, 0x00000000cbd00000, 0x00000000cbe00000|  0%| F|  |TAMS 0x00000000cbd00000, 0x00000000cbd00000| Untracked 
| 190|0x00000000cbe00000, 0x00000000cbe00000, 0x00000000cbf00000|  0%| F|  |TAMS 0x00000000cbe00000, 0x00000000cbe00000| Untracked 
| 191|0x00000000cbf00000, 0x00000000cbf00000, 0x00000000cc000000|  0%| F|  |TAMS 0x00000000cbf00000, 0x00000000cbf00000| Untracked 
| 192|0x00000000cc000000, 0x00000000cc000000, 0x00000000cc100000|  0%| F|  |TAMS 0x00000000cc000000, 0x00000000cc000000| Untracked 
| 193|0x00000000cc100000, 0x00000000cc100000, 0x00000000cc200000|  0%| F|  |TAMS 0x00000000cc100000, 0x00000000cc100000| Untracked 
| 194|0x00000000cc200000, 0x00000000cc200000, 0x00000000cc300000|  0%| F|  |TAMS 0x00000000cc200000, 0x00000000cc200000| Untracked 
| 195|0x00000000cc300000, 0x00000000cc300000, 0x00000000cc400000|  0%| F|  |TAMS 0x00000000cc300000, 0x00000000cc300000| Untracked 
| 196|0x00000000cc400000, 0x00000000cc400000, 0x00000000cc500000|  0%| F|  |TAMS 0x00000000cc400000, 0x00000000cc400000| Untracked 
| 197|0x00000000cc500000, 0x00000000cc500000, 0x00000000cc600000|  0%| F|  |TAMS 0x00000000cc500000, 0x00000000cc500000| Untracked 
| 198|0x00000000cc600000, 0x00000000cc600000, 0x00000000cc700000|  0%| F|  |TAMS 0x00000000cc600000, 0x00000000cc600000| Untracked 
| 199|0x00000000cc700000, 0x00000000cc700000, 0x00000000cc800000|  0%| F|  |TAMS 0x00000000cc700000, 0x00000000cc700000| Untracked 
| 200|0x00000000cc800000, 0x00000000cc800000, 0x00000000cc900000|  0%| F|  |TAMS 0x00000000cc800000, 0x00000000cc800000| Untracked 
| 201|0x00000000cc900000, 0x00000000cc900000, 0x00000000cca00000|  0%| F|  |TAMS 0x00000000cc900000, 0x00000000cc900000| Untracked 
| 202|0x00000000cca00000, 0x00000000cca00000, 0x00000000ccb00000|  0%| F|  |TAMS 0x00000000cca00000, 0x00000000cca00000| Untracked 
| 203|0x00000000ccb00000, 0x00000000ccb00000, 0x00000000ccc00000|  0%| F|  |TAMS 0x00000000ccb00000, 0x00000000ccb00000| Untracked 
| 204|0x00000000ccc00000, 0x00000000ccc00000, 0x00000000ccd00000|  0%| F|  |TAMS 0x00000000ccc00000, 0x00000000ccc00000| Untracked 
| 205|0x00000000ccd00000, 0x00000000ccd00000, 0x00000000cce00000|  0%| F|  |TAMS 0x00000000ccd00000, 0x00000000ccd00000| Untracked 
| 206|0x00000000cce00000, 0x00000000cce00000, 0x00000000ccf00000|  0%| F|  |TAMS 0x00000000cce00000, 0x00000000cce00000| Untracked 
| 207|0x00000000ccf00000, 0x00000000ccf00000, 0x00000000cd000000|  0%| F|  |TAMS 0x00000000ccf00000, 0x00000000ccf00000| Untracked 
| 208|0x00000000cd000000, 0x00000000cd000000, 0x00000000cd100000|  0%| F|  |TAMS 0x00000000cd000000, 0x00000000cd000000| Untracked 
| 209|0x00000000cd100000, 0x00000000cd100000, 0x00000000cd200000|  0%| F|  |TAMS 0x00000000cd100000, 0x00000000cd100000| Untracked 
| 210|0x00000000cd200000, 0x00000000cd200000, 0x00000000cd300000|  0%| F|  |TAMS 0x00000000cd200000, 0x00000000cd200000| Untracked 
| 211|0x00000000cd300000, 0x00000000cd300000, 0x00000000cd400000|  0%| F|  |TAMS 0x00000000cd300000, 0x00000000cd300000| Untracked 
| 212|0x00000000cd400000, 0x00000000cd400000, 0x00000000cd500000|  0%| F|  |TAMS 0x00000000cd400000, 0x00000000cd400000| Untracked 
| 213|0x00000000cd500000, 0x00000000cd500000, 0x00000000cd600000|  0%| F|  |TAMS 0x00000000cd500000, 0x00000000cd500000| Untracked 
| 214|0x00000000cd600000, 0x00000000cd600000, 0x00000000cd700000|  0%| F|  |TAMS 0x00000000cd600000, 0x00000000cd600000| Untracked 
| 215|0x00000000cd700000, 0x00000000cd700000, 0x00000000cd800000|  0%| F|  |TAMS 0x00000000cd700000, 0x00000000cd700000| Untracked 
| 216|0x00000000cd800000, 0x00000000cd800000, 0x00000000cd900000|  0%| F|  |TAMS 0x00000000cd800000, 0x00000000cd800000| Untracked 
| 217|0x00000000cd900000, 0x00000000cd900000, 0x00000000cda00000|  0%| F|  |TAMS 0x00000000cd900000, 0x00000000cd900000| Untracked 
| 218|0x00000000cda00000, 0x00000000cda00000, 0x00000000cdb00000|  0%| F|  |TAMS 0x00000000cda00000, 0x00000000cda00000| Untracked 
| 219|0x00000000cdb00000, 0x00000000cdb00000, 0x00000000cdc00000|  0%| F|  |TAMS 0x00000000cdb00000, 0x00000000cdb00000| Untracked 
| 220|0x00000000cdc00000, 0x00000000cdc00000, 0x00000000cdd00000|  0%| F|  |TAMS 0x00000000cdc00000, 0x00000000cdc00000| Untracked 
| 221|0x00000000cdd00000, 0x00000000cdd00000, 0x00000000cde00000|  0%| F|  |TAMS 0x00000000cdd00000, 0x00000000cdd00000| Untracked 
| 222|0x00000000cde00000, 0x00000000cde00000, 0x00000000cdf00000|  0%| F|  |TAMS 0x00000000cde00000, 0x00000000cde00000| Untracked 
| 223|0x00000000cdf00000, 0x00000000cdf00000, 0x00000000ce000000|  0%| F|  |TAMS 0x00000000cdf00000, 0x00000000cdf00000| Untracked 
| 224|0x00000000ce000000, 0x00000000ce000000, 0x00000000ce100000|  0%| F|  |TAMS 0x00000000ce000000, 0x00000000ce000000| Untracked 
| 225|0x00000000ce100000, 0x00000000ce100000, 0x00000000ce200000|  0%| F|  |TAMS 0x00000000ce100000, 0x00000000ce100000| Untracked 
| 226|0x00000000ce200000, 0x00000000ce200000, 0x00000000ce300000|  0%| F|  |TAMS 0x00000000ce200000, 0x00000000ce200000| Untracked 
| 227|0x00000000ce300000, 0x00000000ce300000, 0x00000000ce400000|  0%| F|  |TAMS 0x00000000ce300000, 0x00000000ce300000| Untracked 
| 228|0x00000000ce400000, 0x00000000ce400000, 0x00000000ce500000|  0%| F|  |TAMS 0x00000000ce400000, 0x00000000ce400000| Untracked 
| 229|0x00000000ce500000, 0x00000000ce500000, 0x00000000ce600000|  0%| F|  |TAMS 0x00000000ce500000, 0x00000000ce500000| Untracked 
| 230|0x00000000ce600000, 0x00000000ce600000, 0x00000000ce700000|  0%| F|  |TAMS 0x00000000ce600000, 0x00000000ce600000| Untracked 
| 231|0x00000000ce700000, 0x00000000ce700000, 0x00000000ce800000|  0%| F|  |TAMS 0x00000000ce700000, 0x00000000ce700000| Untracked 
| 232|0x00000000ce800000, 0x00000000ce800000, 0x00000000ce900000|  0%| F|  |TAMS 0x00000000ce800000, 0x00000000ce800000| Untracked 
| 233|0x00000000ce900000, 0x00000000ce900000, 0x00000000cea00000|  0%| F|  |TAMS 0x00000000ce900000, 0x00000000ce900000| Untracked 
| 234|0x00000000cea00000, 0x00000000cea00000, 0x00000000ceb00000|  0%| F|  |TAMS 0x00000000cea00000, 0x00000000cea00000| Untracked 
| 235|0x00000000ceb00000, 0x00000000ceb00000, 0x00000000cec00000|  0%| F|  |TAMS 0x00000000ceb00000, 0x00000000ceb00000| Untracked 
| 236|0x00000000cec00000, 0x00000000cec00000, 0x00000000ced00000|  0%| F|  |TAMS 0x00000000cec00000, 0x00000000cec00000| Untracked 
| 237|0x00000000ced00000, 0x00000000ced00000, 0x00000000cee00000|  0%| F|  |TAMS 0x00000000ced00000, 0x00000000ced00000| Untracked 
| 238|0x00000000cee00000, 0x00000000cee00000, 0x00000000cef00000|  0%| F|  |TAMS 0x00000000cee00000, 0x00000000cee00000| Untracked 
| 239|0x00000000cef00000, 0x00000000cef00000, 0x00000000cf000000|  0%| F|  |TAMS 0x00000000cef00000, 0x00000000cef00000| Untracked 
| 240|0x00000000cf000000, 0x00000000cf000000, 0x00000000cf100000|  0%| F|  |TAMS 0x00000000cf000000, 0x00000000cf000000| Untracked 
| 241|0x00000000cf100000, 0x00000000cf100000, 0x00000000cf200000|  0%| F|  |TAMS 0x00000000cf100000, 0x00000000cf100000| Untracked 
| 242|0x00000000cf200000, 0x00000000cf200000, 0x00000000cf300000|  0%| F|  |TAMS 0x00000000cf200000, 0x00000000cf200000| Untracked 
| 243|0x00000000cf300000, 0x00000000cf300000, 0x00000000cf400000|  0%| F|  |TAMS 0x00000000cf300000, 0x00000000cf300000| Untracked 
| 244|0x00000000cf400000, 0x00000000cf400000, 0x00000000cf500000|  0%| F|  |TAMS 0x00000000cf400000, 0x00000000cf400000| Untracked 
| 245|0x00000000cf500000, 0x00000000cf500000, 0x00000000cf600000|  0%| F|  |TAMS 0x00000000cf500000, 0x00000000cf500000| Untracked 
| 246|0x00000000cf600000, 0x00000000cf600000, 0x00000000cf700000|  0%| F|  |TAMS 0x00000000cf600000, 0x00000000cf600000| Untracked 
| 247|0x00000000cf700000, 0x00000000cf700000, 0x00000000cf800000|  0%| F|  |TAMS 0x00000000cf700000, 0x00000000cf700000| Untracked 
| 248|0x00000000cf800000, 0x00000000cf800000, 0x00000000cf900000|  0%| F|  |TAMS 0x00000000cf800000, 0x00000000cf800000| Untracked 
| 249|0x00000000cf900000, 0x00000000cf900000, 0x00000000cfa00000|  0%| F|  |TAMS 0x00000000cf900000, 0x00000000cf900000| Untracked 
| 250|0x00000000cfa00000, 0x00000000cfa00000, 0x00000000cfb00000|  0%| F|  |TAMS 0x00000000cfa00000, 0x00000000cfa00000| Untracked 
| 251|0x00000000cfb00000, 0x00000000cfb00000, 0x00000000cfc00000|  0%| F|  |TAMS 0x00000000cfb00000, 0x00000000cfb00000| Untracked 
| 252|0x00000000cfc00000, 0x00000000cfc00000, 0x00000000cfd00000|  0%| F|  |TAMS 0x00000000cfc00000, 0x00000000cfc00000| Untracked 
| 253|0x00000000cfd00000, 0x00000000cfd00000, 0x00000000cfe00000|  0%| F|  |TAMS 0x00000000cfd00000, 0x00000000cfd00000| Untracked 
| 254|0x00000000cfe00000, 0x00000000cfe00000, 0x00000000cff00000|  0%| F|  |TAMS 0x00000000cfe00000, 0x00000000cfe00000| Untracked 
| 255|0x00000000cff00000, 0x00000000cff00000, 0x00000000d0000000|  0%| F|  |TAMS 0x00000000cff00000, 0x00000000cff00000| Untracked 
| 256|0x00000000d0000000, 0x00000000d0000000, 0x00000000d0100000|  0%| F|  |TAMS 0x00000000d0000000, 0x00000000d0000000| Untracked 
| 257|0x00000000d0100000, 0x00000000d0100000, 0x00000000d0200000|  0%| F|  |TAMS 0x00000000d0100000, 0x00000000d0100000| Untracked 
| 258|0x00000000d0200000, 0x00000000d0200000, 0x00000000d0300000|  0%| F|  |TAMS 0x00000000d0200000, 0x00000000d0200000| Untracked 
| 259|0x00000000d0300000, 0x00000000d0300000, 0x00000000d0400000|  0%| F|  |TAMS 0x00000000d0300000, 0x00000000d0300000| Untracked 
| 260|0x00000000d0400000, 0x00000000d0400000, 0x00000000d0500000|  0%| F|  |TAMS 0x00000000d0400000, 0x00000000d0400000| Untracked 
| 261|0x00000000d0500000, 0x00000000d0500000, 0x00000000d0600000|  0%| F|  |TAMS 0x00000000d0500000, 0x00000000d0500000| Untracked 
| 262|0x00000000d0600000, 0x00000000d0600000, 0x00000000d0700000|  0%| F|  |TAMS 0x00000000d0600000, 0x00000000d0600000| Untracked 
| 263|0x00000000d0700000, 0x00000000d0700000, 0x00000000d0800000|  0%| F|  |TAMS 0x00000000d0700000, 0x00000000d0700000| Untracked 
| 264|0x00000000d0800000, 0x00000000d0800000, 0x00000000d0900000|  0%| F|  |TAMS 0x00000000d0800000, 0x00000000d0800000| Untracked 
| 265|0x00000000d0900000, 0x00000000d0900000, 0x00000000d0a00000|  0%| F|  |TAMS 0x00000000d0900000, 0x00000000d0900000| Untracked 
| 266|0x00000000d0a00000, 0x00000000d0a00000, 0x00000000d0b00000|  0%| F|  |TAMS 0x00000000d0a00000, 0x00000000d0a00000| Untracked 
| 267|0x00000000d0b00000, 0x00000000d0b00000, 0x00000000d0c00000|  0%| F|  |TAMS 0x00000000d0b00000, 0x00000000d0b00000| Untracked 
| 268|0x00000000d0c00000, 0x00000000d0c00000, 0x00000000d0d00000|  0%| F|  |TAMS 0x00000000d0c00000, 0x00000000d0c00000| Untracked 
| 269|0x00000000d0d00000, 0x00000000d0d00000, 0x00000000d0e00000|  0%| F|  |TAMS 0x00000000d0d00000, 0x00000000d0d00000| Untracked 
| 270|0x00000000d0e00000, 0x00000000d0e00000, 0x00000000d0f00000|  0%| F|  |TAMS 0x00000000d0e00000, 0x00000000d0e00000| Untracked 
| 271|0x00000000d0f00000, 0x00000000d0f00000, 0x00000000d1000000|  0%| F|  |TAMS 0x00000000d0f00000, 0x00000000d0f00000| Untracked 
| 272|0x00000000d1000000, 0x00000000d1000000, 0x00000000d1100000|  0%| F|  |TAMS 0x00000000d1000000, 0x00000000d1000000| Untracked 
| 273|0x00000000d1100000, 0x00000000d1143020, 0x00000000d1200000| 26%| E|  |TAMS 0x00000000d1100000, 0x00000000d1100000| Complete 

Card table byte_map: [0x0000015f754c0000,0x0000015f756c0000] _byte_map_base: 0x0000015f74ec0000

Marking Bits (Prev, Next): (CMBitMap*) 0x0000015f6da16010, (CMBitMap*) 0x0000015f6da16050
 Prev Bits: [0x0000015f758c0000, 0x0000015f768c0000)
 Next Bits: [0x0000015f768c0000, 0x0000015f778c0000)

Polling page: 0x0000015f6d870000

Metaspace:

Usage:
  Non-class:     62.54 MB used.
      Class:      9.87 MB used.
       Both:     72.41 MB used.

Virtual space:
  Non-class space:       64.00 MB reserved,      62.88 MB ( 98%) committed,  1 nodes.
      Class space:        1.00 GB reserved,      10.12 MB ( <1%) committed,  1 nodes.
             Both:        1.06 GB reserved,      73.00 MB (  7%) committed. 

Chunk freelists:
   Non-Class:  796.00 KB
       Class:  5.84 MB
        Both:  6.62 MB

MaxMetaspaceSize: unlimited
CompressedClassSpaceSize: 1.00 GB
Initial GC threshold: 21.00 MB
Current GC threshold: 121.50 MB
CDS: off
MetaspaceReclaimPolicy: balanced
 - commit_granule_bytes: 65536.
 - commit_granule_words: 8192.
 - virtual_space_node_default_size: 8388608.
 - enlarge_chunks_in_place: 1.
 - new_chunks_are_fully_committed: 0.
 - uncommit_free_chunks: 1.
 - use_allocation_guard: 0.
 - handle_deallocations: 1.


Internal statistics:

num_allocs_failed_limit: 6.
num_arena_births: 810.
num_arena_deaths: 262.
num_vsnodes_births: 2.
num_vsnodes_deaths: 0.
num_space_committed: 1168.
num_space_uncommitted: 0.
num_chunks_returned_to_freelist: 337.
num_chunks_taken_from_freelist: 3400.
num_chunk_merges: 105.
num_chunk_splits: 2276.
num_chunks_enlarged: 1698.
num_inconsistent_stats: 0.

CodeCache: size=49152Kb used=21055Kb max_used=21571Kb free=28096Kb
 bounds [0x0000015f71e80000, 0x0000015f733a0000, 0x0000015f74e80000]
 total_blobs=12264 nmethods=11567 adapters=619
 compilation: enabled
              stopped_count=0, restarted_count=0
 full_count=0

Compilation events (20 events):
Event: 14031.452 Thread 0x0000015f79f22ef0 11750       1       java.lang.ref.Reference::getFromInactiveFinalReference (47 bytes)
Event: 14031.452 Thread 0x0000015f79f22ef0 nmethod 11750 0x0000015f7334d910 code [0x0000015f7334daa0, 0x0000015f7334db78]
Event: 14031.452 Thread 0x0000015f79f22ef0 11751       1       java.lang.System$2::invokeFinalize (5 bytes)
Event: 14031.452 Thread 0x0000015f79f22ef0 nmethod 11751 0x0000015f7334d610 code [0x0000015f7334d7a0, 0x0000015f7334d888]
Event: 14031.452 Thread 0x0000015f79f22ef0 11755   !   1       jdk.nio.zipfs.ZipFileSystem::close (390 bytes)
Event: 14031.456 Thread 0x0000015f79f22ef0 nmethod 11755 0x0000015f7334ab10 code [0x0000015f7334b000, 0x0000015f7334c4a8]
Event: 14031.456 Thread 0x0000015f79f22ef0 11753       1       java.lang.ref.Reference::clearInactiveFinalReference (48 bytes)
Event: 14031.457 Thread 0x0000015f79f22ef0 nmethod 11753 0x0000015f7334a810 code [0x0000015f7334a9a0, 0x0000015f7334aa98]
Event: 14031.457 Thread 0x0000015f79f22ef0 11754       1       jdk.nio.zipfs.ZipFileSystem::finalize (5 bytes)
Event: 14031.457 Thread 0x0000015f79f22ef0 nmethod 11754 0x0000015f7334a510 code [0x0000015f7334a6a0, 0x0000015f7334a788]
Event: 14031.457 Thread 0x0000015f79f22ef0 11756       1       jdk.nio.zipfs.ZipFileSystem$$Lambda$1343/0x00000001009bab08::<init> (10 bytes)
Event: 14031.457 Thread 0x0000015f79f22ef0 nmethod 11756 0x0000015f7334a210 code [0x0000015f7334a3a0, 0x0000015f7334a4b8]
Event: 14031.457 Thread 0x0000015f79f22ef0 11752       1       java.lang.ref.FinalReference::clear (5 bytes)
Event: 14031.457 Thread 0x0000015f79f22ef0 nmethod 11752 0x0000015f73349f10 code [0x0000015f7334a0a0, 0x0000015f7334a188]
Event: 14116.679 Thread 0x0000015f79f22ef0 11757       1       java.util.concurrent.ForkJoinPool$WorkQueue::getSlot (9 bytes)
Event: 14116.680 Thread 0x0000015f79f22ef0 nmethod 11757 0x0000015f73349790 code [0x0000015f73349960, 0x0000015f73349cc8]
Event: 14116.680 Thread 0x0000015f79f22ef0 11758       1       java.lang.invoke.VarHandleReferences$Array::getAcquire (49 bytes)
Event: 14116.682 Thread 0x0000015f79f22ef0 nmethod 11758 0x0000015f73348d90 code [0x0000015f73348f80, 0x0000015f733494c8]
Event: 16124.940 Thread 0x0000015f79f22ef0 11759   !   1       java.util.concurrent.ThreadPoolExecutor::runWorker (187 bytes)
Event: 16124.989 Thread 0x0000015f79f22ef0 nmethod 11759 0x0000015f73347f10 code [0x0000015f73348160, 0x0000015f73348858]

GC Heap History (20 events):
Event: 18796.765 GC heap before
{Heap before GC invocations=1956 (full 1830):
 garbage-first heap   total 280576K, used 82975K [0x00000000c0000000, 0x0000000100000000)
  region size 1024K, 1 young (1024K), 0 survivors (0K)
 Metaspace       used 74151K, committed 74752K, reserved 1114112K
  class space    used 10110K, committed 10368K, reserved 1048576K
}
Event: 18796.816 GC heap after
{Heap after GC invocations=1957 (full 1831):
 garbage-first heap   total 280576K, used 82975K [0x00000000c0000000, 0x0000000100000000)
  region size 1024K, 0 young (0K), 0 survivors (0K)
 Metaspace       used 74151K, committed 74752K, reserved 1114112K
  class space    used 10110K, committed 10368K, reserved 1048576K
}
Event: 18806.922 GC heap before
{Heap before GC invocations=1957 (full 1831):
 garbage-first heap   total 280576K, used 82975K [0x00000000c0000000, 0x0000000100000000)
  region size 1024K, 1 young (1024K), 0 survivors (0K)
 Metaspace       used 74151K, committed 74752K, reserved 1114112K
  class space    used 10110K, committed 10368K, reserved 1048576K
}
Event: 18806.976 GC heap after
{Heap after GC invocations=1958 (full 1832):
 garbage-first heap   total 280576K, used 82975K [0x00000000c0000000, 0x0000000100000000)
  region size 1024K, 0 young (0K), 0 survivors (0K)
 Metaspace       used 74151K, committed 74752K, reserved 1114112K
  class space    used 10110K, committed 10368K, reserved 1048576K
}
Event: 18817.090 GC heap before
{Heap before GC invocations=1958 (full 1832):
 garbage-first heap   total 280576K, used 82975K [0x00000000c0000000, 0x0000000100000000)
  region size 1024K, 1 young (1024K), 0 survivors (0K)
 Metaspace       used 74151K, committed 74752K, reserved 1114112K
  class space    used 10110K, committed 10368K, reserved 1048576K
}
Event: 18817.140 GC heap after
{Heap after GC invocations=1959 (full 1833):
 garbage-first heap   total 280576K, used 82975K [0x00000000c0000000, 0x0000000100000000)
  region size 1024K, 0 young (0K), 0 survivors (0K)
 Metaspace       used 74151K, committed 74752K, reserved 1114112K
  class space    used 10110K, committed 10368K, reserved 1048576K
}
Event: 18827.250 GC heap before
{Heap before GC invocations=1959 (full 1833):
 garbage-first heap   total 280576K, used 82975K [0x00000000c0000000, 0x0000000100000000)
  region size 1024K, 1 young (1024K), 0 survivors (0K)
 Metaspace       used 74151K, committed 74752K, reserved 1114112K
  class space    used 10110K, committed 10368K, reserved 1048576K
}
Event: 18827.301 GC heap after
{Heap after GC invocations=1960 (full 1834):
 garbage-first heap   total 280576K, used 82975K [0x00000000c0000000, 0x0000000100000000)
  region size 1024K, 0 young (0K), 0 survivors (0K)
 Metaspace       used 74151K, committed 74752K, reserved 1114112K
  class space    used 10110K, committed 10368K, reserved 1048576K
}
Event: 18837.417 GC heap before
{Heap before GC invocations=1960 (full 1834):
 garbage-first heap   total 280576K, used 82975K [0x00000000c0000000, 0x0000000100000000)
  region size 1024K, 1 young (1024K), 0 survivors (0K)
 Metaspace       used 74151K, committed 74752K, reserved 1114112K
  class space    used 10110K, committed 10368K, reserved 1048576K
}
Event: 18837.467 GC heap after
{Heap after GC invocations=1961 (full 1835):
 garbage-first heap   total 280576K, used 82975K [0x00000000c0000000, 0x0000000100000000)
  region size 1024K, 0 young (0K), 0 survivors (0K)
 Metaspace       used 74151K, committed 74752K, reserved 1114112K
  class space    used 10110K, committed 10368K, reserved 1048576K
}
Event: 18847.631 GC heap before
{Heap before GC invocations=1961 (full 1835):
 garbage-first heap   total 280576K, used 82975K [0x00000000c0000000, 0x0000000100000000)
  region size 1024K, 1 young (1024K), 0 survivors (0K)
 Metaspace       used 74151K, committed 74752K, reserved 1114112K
  class space    used 10110K, committed 10368K, reserved 1048576K
}
Event: 18847.694 GC heap after
{Heap after GC invocations=1962 (full 1836):
 garbage-first heap   total 280576K, used 82975K [0x00000000c0000000, 0x0000000100000000)
  region size 1024K, 0 young (0K), 0 survivors (0K)
 Metaspace       used 74151K, committed 74752K, reserved 1114112K
  class space    used 10110K, committed 10368K, reserved 1048576K
}
Event: 18857.840 GC heap before
{Heap before GC invocations=1962 (full 1836):
 garbage-first heap   total 280576K, used 82975K [0x00000000c0000000, 0x0000000100000000)
  region size 1024K, 1 young (1024K), 0 survivors (0K)
 Metaspace       used 74151K, committed 74752K, reserved 1114112K
  class space    used 10110K, committed 10368K, reserved 1048576K
}
Event: 18857.895 GC heap after
{Heap after GC invocations=1963 (full 1837):
 garbage-first heap   total 280576K, used 82975K [0x00000000c0000000, 0x0000000100000000)
  region size 1024K, 0 young (0K), 0 survivors (0K)
 Metaspace       used 74151K, committed 74752K, reserved 1114112K
  class space    used 10110K, committed 10368K, reserved 1048576K
}
Event: 18868.053 GC heap before
{Heap before GC invocations=1963 (full 1837):
 garbage-first heap   total 280576K, used 82975K [0x00000000c0000000, 0x0000000100000000)
  region size 1024K, 1 young (1024K), 0 survivors (0K)
 Metaspace       used 74151K, committed 74752K, reserved 1114112K
  class space    used 10110K, committed 10368K, reserved 1048576K
}
Event: 18868.114 GC heap after
{Heap after GC invocations=1964 (full 1838):
 garbage-first heap   total 280576K, used 82975K [0x00000000c0000000, 0x0000000100000000)
  region size 1024K, 0 young (0K), 0 survivors (0K)
 Metaspace       used 74151K, committed 74752K, reserved 1114112K
  class space    used 10110K, committed 10368K, reserved 1048576K
}
Event: 18878.241 GC heap before
{Heap before GC invocations=1964 (full 1838):
 garbage-first heap   total 280576K, used 82975K [0x00000000c0000000, 0x0000000100000000)
  region size 1024K, 1 young (1024K), 0 survivors (0K)
 Metaspace       used 74151K, committed 74752K, reserved 1114112K
  class space    used 10110K, committed 10368K, reserved 1048576K
}
Event: 18878.297 GC heap after
{Heap after GC invocations=1965 (full 1839):
 garbage-first heap   total 280576K, used 82975K [0x00000000c0000000, 0x0000000100000000)
  region size 1024K, 0 young (0K), 0 survivors (0K)
 Metaspace       used 74151K, committed 74752K, reserved 1114112K
  class space    used 10110K, committed 10368K, reserved 1048576K
}
Event: 18888.478 GC heap before
{Heap before GC invocations=1965 (full 1839):
 garbage-first heap   total 280576K, used 82975K [0x00000000c0000000, 0x0000000100000000)
  region size 1024K, 1 young (1024K), 0 survivors (0K)
 Metaspace       used 74151K, committed 74752K, reserved 1114112K
  class space    used 10110K, committed 10368K, reserved 1048576K
}
Event: 18888.533 GC heap after
{Heap after GC invocations=1966 (full 1840):
 garbage-first heap   total 280576K, used 82975K [0x00000000c0000000, 0x0000000100000000)
  region size 1024K, 0 young (0K), 0 survivors (0K)
 Metaspace       used 74151K, committed 74752K, reserved 1114112K
  class space    used 10110K, committed 10368K, reserved 1048576K
}

Dll operation events (10 events):
Event: 0.035 Loaded shared library c:\Users\kpidi\.vscode\extensions\redhat.java-1.19.0-win32-x64\jre\17.0.7-win32-x86_64\bin\java.dll
Event: 0.599 Loaded shared library C:\Users\kpidi\.vscode\extensions\redhat.java-1.19.0-win32-x64\jre\17.0.7-win32-x86_64\bin\net.dll
Event: 0.601 Loaded shared library C:\Users\kpidi\.vscode\extensions\redhat.java-1.19.0-win32-x64\jre\17.0.7-win32-x86_64\bin\nio.dll
Event: 1.064 Loaded shared library C:\Users\kpidi\.vscode\extensions\redhat.java-1.19.0-win32-x64\jre\17.0.7-win32-x86_64\bin\zip.dll
Event: 8.788 Loaded shared library C:\Users\kpidi\.vscode\extensions\redhat.java-1.19.0-win32-x64\jre\17.0.7-win32-x86_64\bin\jimage.dll
Event: 14.984 Loaded shared library C:\Users\kpidi\.vscode\extensions\redhat.java-1.19.0-win32-x64\jre\17.0.7-win32-x86_64\bin\management.dll
Event: 14.988 Loaded shared library C:\Users\kpidi\.vscode\extensions\redhat.java-1.19.0-win32-x64\jre\17.0.7-win32-x86_64\bin\management_ext.dll
Event: 16.814 Loaded shared library C:\Users\kpidi\.vscode\extensions\redhat.java-1.19.0-win32-x64\jre\17.0.7-win32-x86_64\bin\sunmscapi.dll
Event: 32.868 Loaded shared library c:\Users\kpidi\.vscode\extensions\redhat.java-1.19.0-win32-x64\jre\17.0.7-win32-x86_64\bin\verify.dll
Event: 38.299 Loaded shared library C:\Users\kpidi\AppData\Local\Temp\snappy-1.1.8-9b2df0b2-f655-436f-ae14-510f16a7f1fa-snappyjava.dll

Deoptimization events (20 events):
Event: 42.003 Thread 0x0000015f7eab0200 DEOPT PACKING pc=0x0000015f72a0da6c sp=0x0000004a7e4fde20
Event: 42.003 Thread 0x0000015f7eab0200 DEOPT UNPACKING pc=0x0000015f71edace3 sp=0x0000004a7e4fd370 mode 0
Event: 42.003 Thread 0x0000015f7eab0200 DEOPT PACKING pc=0x0000015f72a0da6c sp=0x0000004a7e4fe100
Event: 42.003 Thread 0x0000015f7eab0200 DEOPT UNPACKING pc=0x0000015f71edace3 sp=0x0000004a7e4fd650 mode 0
Event: 13940.746 Thread 0x0000015f7f86e150 DEOPT PACKING pc=0x0000015f724754d4 sp=0x0000004a7dafeb50
Event: 13940.749 Thread 0x0000015f7f86e150 DEOPT UNPACKING pc=0x0000015f71edace3 sp=0x0000004a7dafdfd8 mode 0
Event: 13941.834 Thread 0x0000015f7fa66600 DEOPT PACKING pc=0x0000015f72fbe2cf sp=0x0000004a7befd6f0
Event: 13941.834 Thread 0x0000015f7fa66600 DEOPT UNPACKING pc=0x0000015f71edace3 sp=0x0000004a7befcbe0 mode 3
Event: 13943.380 Thread 0x0000015f7fa64450 DEOPT PACKING pc=0x0000015f726759a4 sp=0x0000004a7d3fee70
Event: 13943.380 Thread 0x0000015f7fa64450 DEOPT UNPACKING pc=0x0000015f71edace3 sp=0x0000004a7d3fe358 mode 0
Event: 13943.397 Thread 0x0000015f7fa64920 DEOPT PACKING pc=0x0000015f726759a4 sp=0x0000004a7ddfeec0
Event: 13943.397 Thread 0x0000015f7fa64920 DEOPT UNPACKING pc=0x0000015f71edace3 sp=0x0000004a7ddfe3a8 mode 0
Event: 13966.148 Thread 0x0000015f7eab1ee0 DEOPT PACKING pc=0x0000015f730a7836 sp=0x0000004a7ebfd950
Event: 13966.148 Thread 0x0000015f7eab1ee0 DEOPT UNPACKING pc=0x0000015f71edace3 sp=0x0000004a7ebfce48 mode 3
Event: 13966.250 Thread 0x0000015f7eab1ee0 DEOPT PACKING pc=0x0000015f7278d2c4 sp=0x0000004a7ebfe4a0
Event: 13966.250 Thread 0x0000015f7eab1ee0 DEOPT UNPACKING pc=0x0000015f71edace3 sp=0x0000004a7ebfd998 mode 0
Event: 13966.250 Thread 0x0000015f7eab1ee0 DEOPT PACKING pc=0x0000015f7278d2c4 sp=0x0000004a7ebfe660
Event: 13966.250 Thread 0x0000015f7eab1ee0 DEOPT UNPACKING pc=0x0000015f71edace3 sp=0x0000004a7ebfdb58 mode 0
Event: 13966.256 Thread 0x0000015f7eab1ee0 DEOPT PACKING pc=0x0000015f7278d2c4 sp=0x0000004a7ebfe9b0
Event: 13966.256 Thread 0x0000015f7eab1ee0 DEOPT UNPACKING pc=0x0000015f71edace3 sp=0x0000004a7ebfdea8 mode 0

Classes unloaded (20 events):
Event: 260.520 Thread 0x0000015f79ed9220 Unloading class 0x0000000100088400 'java/lang/invoke/LambdaForm$MH+0x0000000100088400'
Event: 14153.376 Thread 0x0000015f79ed9220 Unloading class 0x0000000100221400 'jdk/internal/reflect/GeneratedConstructorAccessor59'
Event: 14153.376 Thread 0x0000015f79ed9220 Unloading class 0x0000000100310400 'jdk/internal/reflect/GeneratedConstructorAccessor58'
Event: 14153.376 Thread 0x0000015f79ed9220 Unloading class 0x0000000100390000 'jdk/internal/reflect/GeneratedConstructorAccessor57'
Event: 14153.376 Thread 0x0000015f79ed9220 Unloading class 0x0000000100391400 'jdk/internal/reflect/GeneratedMethodAccessor31'
Event: 14153.376 Thread 0x0000015f79ed9220 Unloading class 0x0000000100392000 'jdk/internal/reflect/GeneratedConstructorAccessor56'
Event: 14153.376 Thread 0x0000015f79ed9220 Unloading class 0x00000001008dc400 'java/lang/invoke/LambdaForm$MH+0x00000001008dc400'
Event: 14153.376 Thread 0x0000015f79ed9220 Unloading class 0x0000000100088400 'java/lang/invoke/LambdaForm$MH+0x0000000100088400'
Event: 14153.376 Thread 0x0000015f79ed9220 Unloading class 0x000000010008a400 'java/lang/invoke/LambdaForm$MH+0x000000010008a400'
Event: 14153.376 Thread 0x0000015f79ed9220 Unloading class 0x000000010008b800 'java/lang/invoke/LambdaForm$MH+0x000000010008b800'
Event: 14153.376 Thread 0x0000015f79ed9220 Unloading class 0x0000000100420400 'java/lang/invoke/LambdaForm$MH+0x0000000100420400'
Event: 14153.376 Thread 0x0000015f79ed9220 Unloading class 0x0000000100545400 'java/lang/invoke/LambdaForm$MH+0x0000000100545400'
Event: 14153.376 Thread 0x0000015f79ed9220 Unloading class 0x0000000100548400 'java/lang/invoke/LambdaForm$MH+0x0000000100548400'
Event: 14153.377 Thread 0x0000015f79ed9220 Unloading class 0x0000000100728000 'java/lang/invoke/LambdaForm$MH+0x0000000100728000'
Event: 14183.943 Thread 0x0000015f79ed9220 Unloading class 0x0000000100a25000 'jdk/internal/reflect/GeneratedConstructorAccessor62'
Event: 14183.943 Thread 0x0000015f79ed9220 Unloading class 0x0000000100a24c00 'jdk/internal/reflect/GeneratedConstructorAccessor61'
Event: 14183.943 Thread 0x0000015f79ed9220 Unloading class 0x0000000100a24800 'jdk/internal/reflect/GeneratedMethodAccessor49'
Event: 14194.098 Thread 0x0000015f79ed9220 Unloading class 0x0000000100601000 'java/lang/invoke/LambdaForm$MH+0x0000000100601000'
Event: 14194.098 Thread 0x0000015f79ed9220 Unloading class 0x0000000100088c00 'java/lang/invoke/LambdaForm$MH+0x0000000100088c00'
Event: 14194.098 Thread 0x0000015f79ed9220 Unloading class 0x0000000100089400 'java/lang/invoke/LambdaForm$MH+0x0000000100089400'

Classes redefined (0 events):
No events

Internal exceptions (20 events):
Event: 13977.210 Thread 0x0000015f7fa67940 Exception <a 'sun/nio/fs/WindowsException'{0x00000000efdffb28}> (0x00000000efdffb28) 
thrown [s\src\hotspot\share\prims\jni.cpp, line 516]
Event: 13977.210 Thread 0x0000015f7fa67940 Exception <a 'sun/nio/fs/WindowsException'{0x00000000efdfff78}> (0x00000000efdfff78) 
thrown [s\src\hotspot\share\prims\jni.cpp, line 516]
Event: 13977.210 Thread 0x0000015f7fa67940 Exception <a 'sun/nio/fs/WindowsException'{0x00000000efc010c8}> (0x00000000efc010c8) 
thrown [s\src\hotspot\share\prims\jni.cpp, line 516]
Event: 13977.210 Thread 0x0000015f7fa67940 Exception <a 'sun/nio/fs/WindowsException'{0x00000000efc01538}> (0x00000000efc01538) 
thrown [s\src\hotspot\share\prims\jni.cpp, line 516]
Event: 13977.211 Thread 0x0000015f7fa67940 Exception <a 'sun/nio/fs/WindowsException'{0x00000000efc31e90}> (0x00000000efc31e90) 
thrown [s\src\hotspot\share\prims\jni.cpp, line 516]
Event: 13977.211 Thread 0x0000015f7fa67940 Exception <a 'sun/nio/fs/WindowsException'{0x00000000efc322c0}> (0x00000000efc322c0) 
thrown [s\src\hotspot\share\prims\jni.cpp, line 516]
Event: 13977.211 Thread 0x0000015f7fa67940 Exception <a 'sun/nio/fs/WindowsException'{0x00000000efc332e0}> (0x00000000efc332e0) 
thrown [s\src\hotspot\share\prims\jni.cpp, line 516]
Event: 13977.211 Thread 0x0000015f7fa67940 Exception <a 'sun/nio/fs/WindowsException'{0x00000000efc33730}> (0x00000000efc33730) 
thrown [s\src\hotspot\share\prims\jni.cpp, line 516]
Event: 13977.212 Thread 0x0000015f7fa67940 Exception <a 'sun/nio/fs/WindowsException'{0x00000000efc54b38}> (0x00000000efc54b38) 
thrown [s\src\hotspot\share\prims\jni.cpp, line 516]
Event: 13977.212 Thread 0x0000015f7fa67940 Exception <a 'sun/nio/fs/WindowsException'{0x00000000efc54f58}> (0x00000000efc54f58) 
thrown [s\src\hotspot\share\prims\jni.cpp, line 516]
Event: 13977.212 Thread 0x0000015f7fa67940 Exception <a 'sun/nio/fs/WindowsException'{0x00000000efc55f68}> (0x00000000efc55f68) 
thrown [s\src\hotspot\share\prims\jni.cpp, line 516]
Event: 13977.212 Thread 0x0000015f7fa67940 Exception <a 'sun/nio/fs/WindowsException'{0x00000000efc563b0}> (0x00000000efc563b0) 
thrown [s\src\hotspot\share\prims\jni.cpp, line 516]
Event: 13977.214 Thread 0x0000015f7fa67940 Exception <a 'sun/nio/fs/WindowsException'{0x00000000efc8ced8}> (0x00000000efc8ced8) 
thrown [s\src\hotspot\share\prims\jni.cpp, line 516]
Event: 13977.214 Thread 0x0000015f7fa67940 Exception <a 'sun/nio/fs/WindowsException'{0x00000000efc8d328}> (0x00000000efc8d328) 
thrown [s\src\hotspot\share\prims\jni.cpp, line 516]
Event: 13977.214 Thread 0x0000015f7fa67940 Exception <a 'sun/nio/fs/WindowsException'{0x00000000efc8e8b8}> (0x00000000efc8e8b8) 
thrown [s\src\hotspot\share\prims\jni.cpp, line 516]
Event: 13977.214 Thread 0x0000015f7fa67940 Exception <a 'sun/nio/fs/WindowsException'{0x00000000efc8ed28}> (0x00000000efc8ed28) 
thrown [s\src\hotspot\share\prims\jni.cpp, line 516]
Event: 13977.215 Thread 0x0000015f7fa67940 Exception <a 'sun/nio/fs/WindowsException'{0x00000000efcb7308}> (0x00000000efcb7308) 
thrown [s\src\hotspot\share\prims\jni.cpp, line 516]
Event: 13977.215 Thread 0x0000015f7fa67940 Exception <a 'sun/nio/fs/WindowsException'{0x00000000efcb7748}> (0x00000000efcb7748) 
thrown [s\src\hotspot\share\prims\jni.cpp, line 516]
Event: 13977.215 Thread 0x0000015f7fa67940 Exception <a 'sun/nio/fs/WindowsException'{0x00000000efcb8cc8}> (0x00000000efcb8cc8) 
thrown [s\src\hotspot\share\prims\jni.cpp, line 516]
Event: 13977.215 Thread 0x0000015f7fa67940 Exception <a 'sun/nio/fs/WindowsException'{0x00000000efcb9128}> (0x00000000efcb9128) 
thrown [s\src\hotspot\share\prims\jni.cpp, line 516]

VM Operations (20 events):
Event: 18796.816 Executing VM operation: G1CollectFull done
Event: 18806.922 Executing VM operation: G1CollectFull
Event: 18806.976 Executing VM operation: G1CollectFull done
Event: 18817.090 Executing VM operation: G1CollectFull
Event: 18817.141 Executing VM operation: G1CollectFull done
Event: 18827.250 Executing VM operation: G1CollectFull
Event: 18827.302 Executing VM operation: G1CollectFull done
Event: 18837.417 Executing VM operation: G1CollectFull
Event: 18837.467 Executing VM operation: G1CollectFull done
Event: 18847.631 Executing VM operation: G1CollectFull
Event: 18847.695 Executing VM operation: G1CollectFull done
Event: 18857.839 Executing VM operation: G1CollectFull
Event: 18857.895 Executing VM operation: G1CollectFull done
Event: 18868.052 Executing VM operation: G1CollectFull
Event: 18868.114 Executing VM operation: G1CollectFull done
Event: 18878.240 Executing VM operation: G1CollectFull
Event: 18878.297 Executing VM operation: G1CollectFull done
Event: 18888.478 Executing VM operation: G1CollectFull
Event: 18888.533 Executing VM operation: G1CollectFull done
Event: 18898.589 Executing VM operation: G1CollectFull

Events (20 events):
Event: 13975.407 Thread 0x0000015f7eab2d50 Thread exited: 0x0000015f7eab2d50
Event: 13975.407 Thread 0x0000015f7eab3220 Thread exited: 0x0000015f7eab3220
Event: 13975.410 Thread 0x0000015f7eab2880 Thread exited: 0x0000015f7eab2880
Event: 13975.422 Thread 0x0000015f7eab1a10 Thread exited: 0x0000015f7eab1a10
Event: 13975.713 Thread 0x0000015f040c4f70 Thread added: 0x0000015f040c4f70
Event: 13980.918 Thread 0x0000015f040c4f70 Thread exited: 0x0000015f040c4f70
Event: 13980.919 Thread 0x0000015f7eab3bc0 Thread exited: 0x0000015f7eab3bc0
Event: 13984.861 Thread 0x0000015f7fa65790 Thread exited: 0x0000015f7fa65790
Event: 13994.923 Thread 0x0000015f7fa67940 Thread exited: 0x0000015f7fa67940
Event: 13996.532 loading class java/util/logging/LogRecord
Event: 13996.537 loading class java/util/logging/LogRecord done
Event: 14003.392 Thread 0x0000015f7fa64450 Thread exited: 0x0000015f7fa64450
Event: 14003.408 Thread 0x0000015f7fa64920 Thread exited: 0x0000015f7fa64920
Event: 14025.947 Thread 0x0000015f7fa66600 Thread exited: 0x0000015f7fa66600
Event: 14028.265 Thread 0x0000015f7fa652c0 Thread exited: 0x0000015f7fa652c0
Event: 14029.306 Thread 0x0000015f7fa64df0 Thread exited: 0x0000015f7fa64df0
Event: 14056.672 Thread 0x0000015f7fa65c60 Thread exited: 0x0000015f7fa65c60
Event: 14056.673 Thread 0x0000015f7fa66130 Thread exited: 0x0000015f7fa66130
Event: 14116.679 Thread 0x0000015f7fa67470 Thread exited: 0x0000015f7fa67470
Event: 14176.681 Thread 0x0000015f7eab1070 Thread exited: 0x0000015f7eab1070


Dynamic libraries:
0x00007ff6343b0000 - 0x00007ff6343be000 	c:\Users\kpidi\.vscode\extensions\redhat.java-1.19.0-win32-x64\jre\17.0.7-win32-x86_64\bin\java.exe
0x00007ff8f8fb0000 - 0x00007ff8f91c4000 	C:\WINDOWS\SYSTEM32\ntdll.dll
0x00007ff8f7680000 - 0x00007ff8f7742000 	C:\WINDOWS\System32\KERNEL32.DLL
0x00007ff8f67a0000 - 0x00007ff8f6b43000 	C:\WINDOWS\System32\KERNELBASE.dll
0x00007ff8f6590000 - 0x00007ff8f66a1000 	C:\WINDOWS\System32\ucrtbase.dll
0x00007ff8d3b50000 - 0x00007ff8d3b67000 	c:\Users\kpidi\.vscode\extensions\redhat.java-1.19.0-win32-x64\jre\17.0.7-win32-x86_64\bin\jli.dll
0x00007ff8f6fc0000 - 0x00007ff8f716b000 	C:\WINDOWS\System32\USER32.dll
0x00007ff8f6770000 - 0x00007ff8f6796000 	C:\WINDOWS\System32\win32u.dll
0x00007ff8f7750000 - 0x00007ff8f7779000 	C:\WINDOWS\System32\GDI32.dll
0x00007ff8f6b50000 - 0x00007ff8f6c69000 	C:\WINDOWS\System32\gdi32full.dll
0x00007ff8f6c70000 - 0x00007ff8f6d0a000 	C:\WINDOWS\System32\msvcp_win.dll
0x00007ff8d2af0000 - 0x00007ff8d2b09000 	c:\Users\kpidi\.vscode\extensions\redhat.java-1.19.0-win32-x64\jre\17.0.7-win32-x86_64\bin\VCRUNTIME140.dll
0x00007ff8e6f70000 - 0x00007ff8e71fe000 	C:\WINDOWS\WinSxS\amd64_microsoft.windows.common-controls_6595b64144ccf1df_6.0.22621.1635_none_270f70857386168e\COMCTL32.dll
0x00007ff8f8240000 - 0x00007ff8f82e7000 	C:\WINDOWS\System32\msvcrt.dll
0x00007ff8f6e10000 - 0x00007ff8f6e41000 	C:\WINDOWS\System32\IMM32.DLL
0x00007ff8f0c90000 - 0x00007ff8f0c9c000 	c:\Users\kpidi\.vscode\extensions\redhat.java-1.19.0-win32-x64\jre\17.0.7-win32-x86_64\bin\vcruntime140_1.dll
0x00007ff8b90d0000 - 0x00007ff8b9161000 	c:\Users\kpidi\.vscode\extensions\redhat.java-1.19.0-win32-x64\jre\17.0.7-win32-x86_64\bin\msvcp140.dll
0x00007ff8572e0000 - 0x00007ff857f28000 	c:\Users\kpidi\.vscode\extensions\redhat.java-1.19.0-win32-x64\jre\17.0.7-win32-x86_64\bin\server\jvm.dll
0x00007ff8f7330000 - 0x00007ff8f73de000 	C:\WINDOWS\System32\ADVAPI32.dll
0x00007ff8f6e50000 - 0x00007ff8f6ef4000 	C:\WINDOWS\System32\sechost.dll
0x00007ff8f8c90000 - 0x00007ff8f8da7000 	C:\WINDOWS\System32\RPCRT4.dll
0x00007ff8e1040000 - 0x00007ff8e1049000 	C:\WINDOWS\SYSTEM32\WSOCK32.dll
0x00007ff8f7930000 - 0x00007ff8f79a1000 	C:\WINDOWS\System32\WS2_32.dll
0x00007ff8ef680000 - 0x00007ff8ef6b4000 	C:\WINDOWS\SYSTEM32\WINMM.dll
0x00007ff8f18a0000 - 0x00007ff8f18aa000 	C:\WINDOWS\SYSTEM32\VERSION.dll
0x00007ff8f54f0000 - 0x00007ff8f5508000 	C:\WINDOWS\SYSTEM32\kernel.appcore.dll
0x00007ff8f0170000 - 0x00007ff8f017a000 	c:\Users\kpidi\.vscode\extensions\redhat.java-1.19.0-win32-x64\jre\17.0.7-win32-x86_64\bin\jimage.dll
0x00007ff8f3ce0000 - 0x00007ff8f3f0e000 	C:\WINDOWS\SYSTEM32\DBGHELP.DLL
0x00007ff8f7eb0000 - 0x00007ff8f8239000 	C:\WINDOWS\System32\combase.dll
0x00007ff8f7400000 - 0x00007ff8f74d7000 	C:\WINDOWS\System32\OLEAUT32.dll
0x00007ff8e6d70000 - 0x00007ff8e6da2000 	C:\WINDOWS\SYSTEM32\dbgcore.DLL
0x00007ff8f6d10000 - 0x00007ff8f6d8b000 	C:\WINDOWS\System32\bcryptPrimitives.dll
0x00007ff8c5ad0000 - 0x00007ff8c5af5000 	c:\Users\kpidi\.vscode\extensions\redhat.java-1.19.0-win32-x64\jre\17.0.7-win32-x86_64\bin\java.dll
0x00007ff8d44d0000 - 0x00007ff8d44e8000 	c:\Users\kpidi\.vscode\extensions\redhat.java-1.19.0-win32-x64\jre\17.0.7-win32-x86_64\bin\zip.dll
0x00007ff8f82f0000 - 0x00007ff8f8aea000 	C:\WINDOWS\System32\SHELL32.dll
0x00007ff8f43b0000 - 0x00007ff8f4c7e000 	C:\WINDOWS\SYSTEM32\windows.storage.dll
0x00007ff8f4270000 - 0x00007ff8f43ae000 	C:\WINDOWS\SYSTEM32\wintypes.dll
0x00007ff8f7830000 - 0x00007ff8f7921000 	C:\WINDOWS\System32\SHCORE.dll
0x00007ff8f8c30000 - 0x00007ff8f8c8e000 	C:\WINDOWS\System32\shlwapi.dll
0x00007ff8f62e0000 - 0x00007ff8f6301000 	C:\WINDOWS\SYSTEM32\profapi.dll
0x00007ff8cafa0000 - 0x00007ff8cafb9000 	C:\Users\kpidi\.vscode\extensions\redhat.java-1.19.0-win32-x64\jre\17.0.7-win32-x86_64\bin\net.dll
0x00007ff8f0ae0000 - 0x00007ff8f0c17000 	C:\WINDOWS\SYSTEM32\WINHTTP.dll
0x00007ff8f5960000 - 0x00007ff8f59c9000 	C:\WINDOWS\system32\mswsock.dll
0x00007ff8c6da0000 - 0x00007ff8c6db5000 	C:\Users\kpidi\.vscode\extensions\redhat.java-1.19.0-win32-x64\jre\17.0.7-win32-x86_64\bin\nio.dll
0x00007ff8f5bc0000 - 0x00007ff8f5bdb000 	C:\WINDOWS\SYSTEM32\CRYPTSP.dll
0x00007ff8f5460000 - 0x00007ff8f5495000 	C:\WINDOWS\system32\rsaenh.dll
0x00007ff8f5a60000 - 0x00007ff8f5a88000 	C:\WINDOWS\SYSTEM32\USERENV.dll
0x00007ff8f5d60000 - 0x00007ff8f5d88000 	C:\WINDOWS\SYSTEM32\bcrypt.dll
0x00007ff8f5be0000 - 0x00007ff8f5bec000 	C:\WINDOWS\SYSTEM32\CRYPTBASE.dll
0x00007ff8f4f50000 - 0x00007ff8f4f7d000 	C:\WINDOWS\SYSTEM32\IPHLPAPI.DLL
0x00007ff8f7270000 - 0x00007ff8f7279000 	C:\WINDOWS\System32\NSI.dll
0x00007ff8ef5b0000 - 0x00007ff8ef5c9000 	C:\WINDOWS\SYSTEM32\dhcpcsvc6.DLL
0x00007ff8ef590000 - 0x00007ff8ef5af000 	C:\WINDOWS\SYSTEM32\dhcpcsvc.DLL
0x00007ff8f4fc0000 - 0x00007ff8f50b3000 	C:\WINDOWS\SYSTEM32\DNSAPI.dll
0x00007ff8f1760000 - 0x00007ff8f1769000 	C:\Users\kpidi\.vscode\extensions\redhat.java-1.19.0-win32-x64\jre\17.0.7-win32-x86_64\bin\management.dll
0x00007ff8f1740000 - 0x00007ff8f174b000 	C:\Users\kpidi\.vscode\extensions\redhat.java-1.19.0-win32-x64\jre\17.0.7-win32-x86_64\bin\management_ext.dll
0x00007ff8f73e0000 - 0x00007ff8f73e8000 	C:\WINDOWS\System32\PSAPI.DLL
0x00007ff8f1790000 - 0x00007ff8f179e000 	C:\Users\kpidi\.vscode\extensions\redhat.java-1.19.0-win32-x64\jre\17.0.7-win32-x86_64\bin\sunmscapi.dll
0x00007ff8f63b0000 - 0x00007ff8f6517000 	C:\WINDOWS\System32\CRYPT32.dll
0x00007ff8f5d30000 - 0x00007ff8f5d5e000 	C:\WINDOWS\SYSTEM32\ncrypt.dll
0x00007ff8f5cf0000 - 0x00007ff8f5d27000 	C:\WINDOWS\SYSTEM32\NTASN1.dll
0x00007ff8eefb0000 - 0x00007ff8eefba000 	C:\Windows\System32\rasadhlp.dll
0x00007ff8eec80000 - 0x00007ff8eed04000 	C:\WINDOWS\System32\fwpuclnt.dll
0x00007ff8e0ca0000 - 0x00007ff8e0cb0000 	c:\Users\kpidi\.vscode\extensions\redhat.java-1.19.0-win32-x64\jre\17.0.7-win32-x86_64\bin\verify.dll
0x000000006c500000 - 0x000000006c5c7000 	C:\Users\kpidi\AppData\Local\Temp\snappy-1.1.8-9b2df0b2-f655-436f-ae14-510f16a7f1fa-snappyjava.dll

dbghelp: loaded successfully - version: 4.0.5 - missing functions: none
symbol engine: initialized successfully - sym options: 0x614 - pdb path: .;c:\Users\kpidi\.vscode\extensions\redhat.java-1.19.0-win32-x64\jre\17.0.7-win32-x86_64\bin;C:\WINDOWS\SYSTEM32;C:\WINDOWS\WinSxS\amd64_microsoft.windows.common-controls_6595b64144ccf1df_6.0.22621.1635_none_270f70857386168e;c:\Users\kpidi\.vscode\extensions\redhat.java-1.19.0-win32-x64\jre\17.0.7-win32-x86_64\bin\server;C:\Users\kpidi\AppData\Local\Temp

VM Arguments:
jvm_args: -XX:+HeapDumpOnOutOfMemoryError -Xmx1024m -Dsts.lsp.client=vscode -Dsts.log.file=/dev/null -XX:TieredStopAtLevel=1 -Xlog:jni+resolve=off -Dspring.config.location=file:c:\Users\kpidi\.vscode\extensions\vmware.vscode-spring-boot-1.47.0\language-server\BOOT-INF\classes\application.properties 
java_command: org.springframework.ide.vscode.boot.app.BootLanguageServerBootApp
java_class_path (initial): c:\Users\kpidi\.vscode\extensions\vmware.vscode-spring-boot-1.47.0\language-server\BOOT-INF\classes;c:\Users\kpidi\.vscode\extensions\vmware.vscode-spring-boot-1.47.0\language-server\BOOT-INF\lib\annotations-24.0.1.jar;c:\Users\kpidi\.vscode\extensions\vmware.vscode-spring-boot-1.47.0\language-server\BOOT-INF\lib\antlr-runtime-3.5.3.jar;c:\Users\kpidi\.vscode\extensions\vmware.vscode-spring-boot-1.47.0\language-server\BOOT-INF\lib\antlr4-4.11.1.jar;c:\Users\kpidi\.vscode\extensions\vmware.vscode-spring-boot-1.47.0\language-server\BOOT-INF\lib\antlr4-runtime-4.11.1.jar;c:\Users\kpidi\.vscode\extensions\vmware.vscode-spring-boot-1.47.0\language-server\BOOT-INF\lib\aopalliance-1.0.jar;c:\Users\kpidi\.vscode\extensions\vmware.vscode-spring-boot-1.47.0\language-server\BOOT-INF\lib\asm-9.5.jar;c:\Users\kpidi\.vscode\extensions\vmware.vscode-spring-boot-1.47.0\language-server\BOOT-INF\lib\asm-analysis-9.5.jar;c:\Users\kpidi\.vscode\extensions\vmware.vscode-spring-boot-1.47.0\language-server\BOOT-INF\lib\asm-tree-9.5.jar;c:\Users\kpidi\.vscode\extensions\vmware.vscode-spring-boot-1.47.0\language-server\BOOT-INF\lib\asm-util-9.5.jar;c:\Users\kpidi\.vscode\extensions\vmware.vscode-spring-boot-1.47.0\language-server\BOOT-INF\lib\auto-common-1.2.1.jar;c:\Users\kpidi\.vscode\extensions\vmware.vscode-spring-boot-1.47.0\language-server\BOOT-INF\lib\auto-value-annotations-1.9.jar;c:\Users\kpidi\.vscode\extensions\vmware.vscode-spring-boot-1.47.0\language-server\BOOT-INF\lib\caffeine-3.1.2.jar;c:\Users\kpidi\.vscode\extensions\vmware.vscode-spring-boot-1.47.0\language-server\BOOT-INF\lib\checker-qual-3.12.0.jar;c:\Users\kpidi\.vscode\extensions\vmware.vscode-spring-boot-1.47.0\language-server\BOOT-INF\lib\classgraph-4.8.149.jar;c:\Users\kpidi\.vscode\extensions\vmware.vscode-spring-boot-1.47.0\language-server\BOOT-INF\lib\commons-codec-1.15.jar;c:\Users\kpidi\.vscode\extensions\vmware.vscode-spring-boot-1.47.0\language-server\BOOT-INF\lib\commons-compres
Launcher Type: SUN_STANDARD

[Global flags]
     intx CICompilerCount                          = 3                                         {product} {ergonomic}
     uint ConcGCThreads                            = 1                                         {product} {ergonomic}
     uint G1ConcRefinementThreads                  = 4                                         {product} {ergonomic}
   size_t G1HeapRegionSize                         = 1048576                                   {product} {ergonomic}
    uintx GCDrainStackTargetSize                   = 64                                        {product} {ergonomic}
     bool HeapDumpOnOutOfMemoryError               = true                                   {manageable} {command line}
   size_t InitialHeapSize                          = 132120576                                 {product} {ergonomic}
   size_t MarkStackSize                            = 4194304                                   {product} {ergonomic}
   size_t MaxHeapSize                              = 1073741824                                {product} {command line}
   size_t MaxNewSize                               = 643825664                                 {product} {ergonomic}
   size_t MinHeapDeltaBytes                        = 1048576                                   {product} {ergonomic}
   size_t MinHeapSize                              = 8388608                                   {product} {ergonomic}
    uintx NonProfiledCodeHeapSize                  = 0                                      {pd product} {ergonomic}
     bool ProfileInterpreter                       = false                                  {pd product} {command line}
    uintx ProfiledCodeHeapSize                     = 0                                      {pd product} {ergonomic}
   size_t SoftMaxHeapSize                          = 1073741824                             {manageable} {ergonomic}
     intx TieredStopAtLevel                        = 1                                         {product} {command line}
     bool UseCompressedClassPointers               = true                           {product lp64_product} {ergonomic}
     bool UseCompressedOops                        = true                           {product lp64_product} {ergonomic}
     bool UseG1GC                                  = true                                      {product} {ergonomic}
     bool UseLargePagesIndividualAllocation        = false                                  {pd product} {ergonomic}

Logging:
Log output configuration:
 #0: stdout all=warning,jni+resolve=off uptime,level,tags
 #1: stderr all=off uptime,level,tags

Environment Variables:
JAVA_HOME=C:\jdk-17
PATH=C:\Python311\Scripts\;C:\Python311\;C:\WINDOWS\system32;C:\WINDOWS;C:\WINDOWS\System32\Wbem;C:\WINDOWS\System32\WindowsPowerShell\v1.0\;C:\WINDOWS\System32\OpenSSH\;C:\php-8.1.13;C:\ProgramData\ComposerSetup\bin;C:\jdk-17\bin;C:\Program Files\nodejs\;C:\ProgramData\chocolatey\bin;C:\Program Files\dotnet\;C:\Program Files\Microsoft SQL Server\130\Tools\Binn\;C:\Program Files (x86)\Incredibuild;C:\Program Files\Git\cmd;C:\Users\kpidi\AppData\Local\Microsoft\WindowsApps;C:\Users\kpidi\AppData\Local\Programs\Microsoft VS Code\bin;C:\Users\kpidi\AppData\Roaming\npm;C:\Program Files\JetBrains\IntelliJ IDEA 2022.1.2\bin;;C:\Program Files\JetBrains\PhpStorm 2022.1.1\bin;;C:\Users\kpidi\AppData\Roaming\Pub\Cache\bin;C:\src\flutter\bin;C:\Users\kpidi\AppData\Local\GitHubDesktop\bin
USERNAME=kpidi
OS=Windows_NT
PROCESSOR_IDENTIFIER=Intel64 Family 6 Model 140 Stepping 1, GenuineIntel
TMP=C:\Users\kpidi\AppData\Local\Temp
TEMP=C:\Users\kpidi\AppData\Local\Temp



---------------  S Y S T E M  ---------------

OS:
 Windows 11 , 64 bit Build 22621 (10.0.22621.1778)
OS uptime: 0 days 10:25 hours

CPU: total 4 (initial active 4) (2 cores per cpu, 2 threads per core) family 6 model 140 stepping 1 microcode 0xa4, cx8, cmov, fxsr, ht, mmx, 3dnowpref, sse, sse2, sse3, ssse3, sse4.1, sse4.2, popcnt, lzcnt, tsc, tscinvbit, avx, avx2, aes, erms, clmul, bmi1, bmi2, adx, avx512f, avx512dq, avx512cd, avx512bw, avx512vl, sha, fma, vzeroupper, avx512_vpopcntdq, avx512_vpclmulqdq, avx512_vaes, avx512_vnni, clflush, clflushopt, clwb, avx512_vbmi2, avx512_vbmi

Memory: 4k page, system-wide physical 7975M (705M free)
TotalPageFile size 18559M (AvailPageFile size 5M)
current process WorkingSet (physical memory assigned to process): 135M, peak: 1108M
current process commit charge ("private bytes"): 476M, peak: 1184M

vm_info: OpenJDK 64-Bit Server VM (17.0.7+7) for windows-amd64 JRE (17.0.7+7), built on Apr 18 2023 22:10:42 by "temurin" with MS VC++ 16.7 (VS2019)

END.
